Partition Assistant log is as follows:

====================== System Information ======================
Module Path: C:\Program Files (x86)\AOMEI Partition Assistant Standard Edition 6.0\PartAssist.exe
Product Name: Windows 10 Enterprise 2015 LTSB
Service Package: 
OS Version: 6.3
Total Memory: 3957 MB
Available Memory: 2541 MB
System Root: C:\windows
Processor Architecture: AMD64
Processor Number: 4
Current Time: 2016-5-8 3:58:52
================================================================

[0       ]Utility.cpp(306): 64-bit operating system.
AOMEI Partition Assistant 6.0 Standard Edition
[0       ]disk.cpp(168) Disk0 is removble use?0
[0       ]disk.cpp(168) Disk1 is removble use?0



//////////////////////////// Reload Disk Information ////////////////////////////


Disks Summary:
================================================================
Disk Index	Total Sector		Geometry			Product Name
----------	------------		--------			------------
0		976773168 (465.76GB)	(60801,255,63,512)		WDC WD5000LPVX-22V0TT0 (Base Disk)
1		625142448 (298.09GB)	(38913,255,63,512)		Hitachi HTS545032B9A300  (Base Disk)


Partitions Summary:
================================================================
Disk	Partition	Drive Letter	File System	Total Sector		Used Sector		Free Sector		Partition Status	Pri/Log		DBR Start Sector	End Sector      			MBR Start Sector			Cluster Size	Volume Label
----	---------	------------	-----------	------------		-----------		-----------		----------------	-------		----------------	----------------			----------------			------------	------------
0	1		*:		FAT32       	6291456    (3.00GB)	2629264    (1.25GB)	3662192    (1.75GB)	Act Sys             	Primary		2048           		6293503        (391,191,56)		0           (0,32,33)			8		SYSTEM
0	2		C:		NTFS(3.1)   	104857599  (50.00GB)	64092528   (30.56GB)	40765071   (19.44GB)	Boot                	Primary		6293504        		111151103      (6918,213,15)		0           (391,191,57)			8		WINDOWS
0	3		D:		NTFS(3.1)   	419430399  (200.00GB)	236255344  (112.66GB)	183175055  (87.34GB)	None                	Primary		111151104      		530581503      (33027,43,40)		0           (6918,213,16)			8		DATA
0	4		E:		NTFS(3.1)   	209728510  (100.01GB)	107012304  (51.03GB)	102716206  (48.98GB)	None                	Logical		530594884      		740323394      (46082,254,63)		530594821   (33028,0,2)			8		RECOVERY
0	5		*:		Ext4        	236444600  (112.75GB)	4265976    (2.03GB)	232178624  (110.71GB)	None                	Logical		740323458      		976768064      (60800,254,63)		740323395   (46083,0,1)			8		

1	1		G:		NTFS(3.1)   	625137663  (298.09GB)	268360     (131.04MB)	624869303  (297.96GB)	None                	Primary		2048           		625139711      (38913,37,36)		0           (0,32,33)			8		320-BKP

================================================================
AOMEI Partition Assistant Is Working...
 

==========================User Operations==============================
1.Deleting Partition
	Hard Disk:		2
 	Drive Letter:		G:
 	File System:		NTFS
 	Partition Label:	320-BKP
 	Size:			298.09GB
 	Start Sector:		2048
 	PtStart Sector:		2048
 	Total Sector:		625137663
 	Wipe Data:		NO

2.Creating Partition
	Hard Disk:		2
 	Drive Letter:		G:
 	File System:		FAT32
 	Partition Label:	
 	Size:			1.00GB
 	Start Sector:		2048
 	PtStart Sector:		2048
 	Total Sector:		2102467
 	PtTotal Sector:		2102467
 	Logical/Primary:	Primary
 	Cluster Size:		8

3.Creating Partition
	Hard Disk:		2
 	Drive Letter:		H:
 	File System:		NTFS
 	Partition Label:	
 	Size:			297.08GB
 	Start Sector:		2105344
 	PtStart Sector:		2105344
 	Total Sector:		623032000
 	PtTotal Sector:		623032001
 	Logical/Primary:	Primary
 	Cluster Size:		8

=======================================================================

[0       ]disk.cpp(168) Disk0 is removble use?0
[0       ]disk.cpp(168) Disk1 is removble use?0



//////////////////////////// Reload Disk Information ////////////////////////////


Disks Summary:
================================================================
Disk Index	Total Sector		Geometry			Product Name
----------	------------		--------			------------
0		976773168 (465.76GB)	(60801,255,63,512)		WDC WD5000LPVX-22V0TT0 (Base Disk)
1		625142448 (298.09GB)	(38913,255,63,512)		Hitachi HTS545032B9A300  (Base Disk)


Partitions Summary:
================================================================
Disk	Partition	Drive Letter	File System	Total Sector		Used Sector		Free Sector		Partition Status	Pri/Log		DBR Start Sector	End Sector      			MBR Start Sector			Cluster Size	Volume Label
----	---------	------------	-----------	------------		-----------		-----------		----------------	-------		----------------	----------------			----------------			------------	------------
0	1		*:		FAT32       	6291456    (3.00GB)	2629264    (1.25GB)	3662192    (1.75GB)	Act Sys             	Primary		2048           		6293503        (391,191,56)		0           (0,32,33)			8		SYSTEM
0	2		C:		NTFS(3.1)   	104857599  (50.00GB)	64093256   (30.56GB)	40764343   (19.44GB)	Boot                	Primary		6293504        		111151103      (6918,213,15)		0           (391,191,57)			8		WINDOWS
0	3		D:		NTFS(3.1)   	419430399  (200.00GB)	236255344  (112.66GB)	183175055  (87.34GB)	None                	Primary		111151104      		530581503      (33027,43,40)		0           (6918,213,16)			8		DATA
0	4		E:		NTFS(3.1)   	209728510  (100.01GB)	107012304  (51.03GB)	102716206  (48.98GB)	None                	Logical		530594884      		740323394      (46082,254,63)		530594821   (33028,0,2)			8		RECOVERY
0	5		*:		Ext4        	236444600  (112.75GB)	4265976    (2.03GB)	232178624  (110.71GB)	None                	Logical		740323458      		976768064      (60800,254,63)		740323395   (46083,0,1)			8		

1	1		G:		FAT32       	2102467    (1.00GB)	6152       (3.00MB)	2096315    (1023.59MB)	None                	Primary		2048           		2104514        (130,254,63)		0           (0,32,33)			8		
1	2		H:		NTFS(3.1)   	623032000  (297.08GB)	268320     (131.02MB)	622763680  (296.96GB)	None                	Primary		2105344        		625137344      (38912,254,63)		0           (131,13,11)			8		

