Partition Assistant log is as follows:

====================== System Information ======================
Module Path: C:\Program Files (x86)\AOMEI Partition Assistant Standard Edition 6.0\PartAssist.exe
Product Name: Windows 10 Enterprise 2015 LTSB
Service Package: 
OS Version: 6.3
Total Memory: 3957 MB
Available Memory: 2483 MB
System Root: C:\windows
Processor Architecture: AMD64
Processor Number: 4
Current Time: 2016-5-7 20:33:55
================================================================

[0       ]Utility.cpp(306): 64-bit operating system.
AOMEI Partition Assistant 6.0 Standard Edition
[0       ]disk.cpp(168) Disk0 is removble use?0
[0       ]disk.cpp(168) Disk1 is removble use?0



//////////////////////////// Reload Disk Information ////////////////////////////


Disks Summary:
================================================================
Disk Index	Total Sector		Geometry			Product Name
----------	------------		--------			------------
0		976773168 (465.76GB)	(60801,255,63,512)		WDC WD5000LPVX-22V0TT0 (Base Disk)
1		39070080 (18.63GB)	(2432,255,63,512)		ST920217AS               (Base Disk)


Partitions Summary:
================================================================
Disk	Partition	Drive Letter	File System	Total Sector		Used Sector		Free Sector		Partition Status	Pri/Log		DBR Start Sector	End Sector      			MBR Start Sector			Cluster Size	Volume Label
----	---------	------------	-----------	------------		-----------		-----------		----------------	-------		----------------	----------------			----------------			------------	------------
0	1		*:		FAT32       	6291456    (3.00GB)	2629264    (1.25GB)	3662192    (1.75GB)	Act Sys             	Primary		2048           		6293503        (391,191,56)		0           (0,32,33)			8		SYSTEM
0	2		C:		NTFS(3.1)   	104857599  (50.00GB)	62252608   (29.68GB)	42604991   (20.32GB)	Boot                	Primary		6293504        		111151103      (6918,213,15)		0           (391,191,57)			8		WINDOWS
0	3		D:		NTFS(3.1)   	419430399  (200.00GB)	235840288  (112.46GB)	183590111  (87.54GB)	None                	Primary		111151104      		530581503      (33027,43,40)		0           (6918,213,16)			8		DATA
0	4		E:		NTFS(3.1)   	209728510  (100.01GB)	105216384  (50.17GB)	104512126  (49.84GB)	None                	Logical		530594884      		740323394      (46082,254,63)		530594821   (33028,0,2)			8		RECOVERY
0	5		*:		Ext4        	236444600  (112.75GB)	4265976    (2.03GB)	232178624  (110.71GB)	None                	Logical		740323458      		976768064      (60800,254,63)		740323395   (46083,0,1)			8		

1	1		G:		NTFS(3.1)   	39065599   (18.63GB)	25558568   (12.19GB)	13507031   (6.44GB)	Act                 	Primary		2048           		39067647       (2431,216,25)		0           (0,32,33)			8		TEN_VHD

================================================================
AOMEI Partition Assistant Is Working...
 
[0       ]Utility.cpp(306): 64-bit operating system.

==========================User Operations==============================
1.Convert to MBR
	Hard Disk:		2
 	Disk Size:		18.63GB

=======================================================================

[1       ]operation.cpp(3193): Failed to GetPart in UnlockTask.
[0       ]disk.cpp(168) Disk0 is removble use?0
[0       ]disk.cpp(168) Disk1 is removble use?0



//////////////////////////// Reload Disk Information ////////////////////////////


Disks Summary:
================================================================
Disk Index	Total Sector		Geometry			Product Name
----------	------------		--------			------------
0		976773168 (465.76GB)	(60801,255,63,512)		WDC WD5000LPVX-22V0TT0 (Base Disk)
1		39070080 (18.63GB)	(2432,255,63,512)		ST920217AS               (GPT Disk)


Partitions Summary:
================================================================
Disk	Partition	Drive Letter	File System	Total Sector		Used Sector		Free Sector		Partition Status	Pri/Log		DBR Start Sector	End Sector      			MBR Start Sector			Cluster Size	Volume Label
----	---------	------------	-----------	------------		-----------		-----------		----------------	-------		----------------	----------------			----------------			------------	------------
0	1		*:		FAT32       	6291456    (3.00GB)	2629264    (1.25GB)	3662192    (1.75GB)	Act Sys             	Primary		2048           		6293503        (391,191,56)		0           (0,32,33)			8		SYSTEM
0	2		C:		NTFS(3.1)   	104857599  (50.00GB)	62252896   (29.68GB)	42604703   (20.32GB)	Boot                	Primary		6293504        		111151103      (6918,213,15)		0           (391,191,57)			8		WINDOWS
0	3		D:		NTFS(3.1)   	419430399  (200.00GB)	235840288  (112.46GB)	183590111  (87.54GB)	None                	Primary		111151104      		530581503      (33027,43,40)		0           (6918,213,16)			8		DATA
0	4		E:		NTFS(3.1)   	209728510  (100.01GB)	105216384  (50.17GB)	104512126  (49.84GB)	None                	Logical		530594884      		740323394      (46082,254,63)		530594821   (33028,0,2)			8		RECOVERY
0	5		*:		Ext4        	236444600  (112.75GB)	4265976    (2.03GB)	232178624  (110.71GB)	None                	Logical		740323458      		976768064      (60800,254,63)		740323395   (46083,0,1)			8		

1	1		G:		NTFS(3.1)   	39065599   (18.63GB)	25558568   (12.19GB)	13507031   (6.44GB)	None                	GPT,Data		2048           		39067647       (2431,216,25)		0           (0,32,33)			8		TEN_VHD


==========================User Operations==============================
1.Convert to GPT
	Hard Disk:		2
 	Disk Size:		18.63GB

=======================================================================

[0       ]vecNotUnallocPartLst.size()>4 return code: 0x00000000, operation.cpp(4357).
[0       ]vol.cpp(602): Failed to ISymLink.SymLimkToTarget.
[0       ]vol.cpp(682): Failed to ISymLink.SymLimkToTarget(\Device\Harddisk1\Partition1).
[0       ]vol.cpp(469): Failed to ISymLink.SymLimkToTarget.
[0       ]vol.cpp(1621): Failed to GetVolumeDevice in MountVolumeDirectly.
[0       ]corehelp.cpp(62): Failed to mount back to drive letter.
[0       ]optcore.cpp(7314): Failed to Update mount point for PartMgr in _ConvertMbrGpt.
[0       ]operation.cpp(3193): Failed to GetPart in UnlockTask.
[0       ]disk.cpp(168) Disk0 is removble use?0
[0       ]disk.cpp(168) Disk1 is removble use?0
[0       ]vol.cpp(602): Failed to ISymLink.SymLimkToTarget.
[0       ]vol.cpp(469): Failed to ISymLink.SymLimkToTarget.
[0       ]vol.cpp(1112): Failed to GetVolumeDevice in IsSystemVolume.
[0       ]vol.cpp(469): Failed to ISymLink.SymLimkToTarget.
[6       ]ntfsstd.cpp(96): Send FSCTL_GET_NTFS_VOLUME_DATA Control Code failed.



//////////////////////////// Reload Disk Information ////////////////////////////


Disks Summary:
================================================================
Disk Index	Total Sector		Geometry			Product Name
----------	------------		--------			------------
0		976773168 (465.76GB)	(60801,255,63,512)		WDC WD5000LPVX-22V0TT0 (Base Disk)
1		39070080 (18.63GB)	(2432,255,63,512)		ST920217AS               (Base Disk)


Partitions Summary:
================================================================
Disk	Partition	Drive Letter	File System	Total Sector		Used Sector		Free Sector		Partition Status	Pri/Log		DBR Start Sector	End Sector      			MBR Start Sector			Cluster Size	Volume Label
----	---------	------------	-----------	------------		-----------		-----------		----------------	-------		----------------	----------------			----------------			------------	------------
0	1		*:		FAT32       	6291456    (3.00GB)	2629264    (1.25GB)	3662192    (1.75GB)	Act Sys             	Primary		2048           		6293503        (391,191,56)		0           (0,32,33)			8		SYSTEM
0	2		C:		NTFS(3.1)   	104857599  (50.00GB)	62252904   (29.68GB)	42604695   (20.32GB)	Boot                	Primary		6293504        		111151103      (6918,213,15)		0           (391,191,57)			8		WINDOWS
0	3		D:		NTFS(3.1)   	419430399  (200.00GB)	235840288  (112.46GB)	183590111  (87.54GB)	None                	Primary		111151104      		530581503      (33027,43,40)		0           (6918,213,16)			8		DATA
0	4		E:		NTFS(3.1)   	209728510  (100.01GB)	105216384  (50.17GB)	104512126  (49.84GB)	None                	Logical		530594884      		740323394      (46082,254,63)		530594821   (33028,0,2)			8		RECOVERY
0	5		*:		Ext4        	236444600  (112.75GB)	4265976    (2.03GB)	232178624  (110.71GB)	None                	Logical		740323458      		976768064      (60800,254,63)		740323395   (46083,0,1)			8		

1	1		*:		NTFS(3.1)   	39065599   (18.63GB)	25558575   (12.19GB)	13507024   (6.44GB)	None                	Primary		2048           		39067647       (2431,216,25)		0           (0,32,33)			8		TEN_VHD

