=================================================
FastCopy(ver5.4.2 (Admin)) start at 2023/11/19 04:43:45
<Source>  E:\1_Recovery\
<DestDir> H:\
<Command> Diff (Size/Date)
-------------------------------------------------
+ H:\1_Recovery\   <20231118-041330>
+ H:\1_Recovery\MyProfileE.vhdx   <20231119-004200 3,695,181,824>
+ H:\1_Recovery\Stayboogy.7z   <20231118-235300 2,853,699,540>
+ H:\1_Recovery\1_5570-Recovery\   <20231116-204558>
+ H:\1_Recovery\1_5570-Recovery\InspironRecovery\   <20231114-071750>
+ H:\1_Recovery\1_5570-Recovery\InspironRecovery\1_esp\   <20231114-071750>
+ H:\1_Recovery\1_5570-Recovery\InspironRecovery\1_esp\EFI\   <20231114-071750>
+ H:\1_Recovery\1_5570-Recovery\InspironRecovery\1_esp\EFI\Boot\   <20231114-071750>
+ H:\1_Recovery\1_5570-Recovery\InspironRecovery\1_esp\EFI\Boot\bootx64.efi   <20180617-231950 1,252,760>
+ H:\1_Recovery\1_5570-Recovery\InspironRecovery\1_esp\EFI\dell\   <20231114-071750>
+ H:\1_Recovery\1_5570-Recovery\InspironRecovery\1_esp\EFI\dell\bios\   <20231114-071750>
+ H:\1_Recovery\1_5570-Recovery\InspironRecovery\1_esp\EFI\dell\bios\recovery\   <20231114-071750>
+ H:\1_Recovery\1_5570-Recovery\InspironRecovery\1_esp\EFI\dell\bios\recovery\BIOS_CUR.RCV   <20190104-022048 6,696,842>
+ H:\1_Recovery\1_5570-Recovery\InspironRecovery\1_esp\EFI\dell\bios\recovery\BIOS_PRE.rcv   <20180617-223152 7,002,480>
+ H:\1_Recovery\1_5570-Recovery\InspironRecovery\1_esp\EFI\dell\SOS\   <20231114-071750>
+ H:\1_Recovery\1_5570-Recovery\InspironRecovery\1_esp\EFI\dell\SOS\BCD   <20180618-005158 49,152>
+ H:\1_Recovery\1_5570-Recovery\InspironRecovery\1_esp\EFI\dell\SOS\BCD.LOG   <20180617-222734 40,960>
+ H:\1_Recovery\1_5570-Recovery\InspironRecovery\1_esp\EFI\dell\SOS\BCD.LOG1   <20180617-222734 0>
+ H:\1_Recovery\1_5570-Recovery\InspironRecovery\1_esp\EFI\dell\SOS\BCD.LOG2   <20180617-222734 0>
+ H:\1_Recovery\1_5570-Recovery\InspironRecovery\1_esp\EFI\dell\SOS\boot.stl   <20170929-084142 4,669>
+ H:\1_Recovery\1_5570-Recovery\InspironRecovery\1_esp\EFI\dell\SOS\bootmgfw.efi   <20170929-084142 1,250,336>
+ H:\1_Recovery\1_5570-Recovery\InspironRecovery\1_esp\EFI\dell\SOS\bootmgr.efi   <20170929-084142 1,236,376>
+ H:\1_Recovery\1_5570-Recovery\InspironRecovery\1_esp\EFI\dell\SOS\BOOTSTAT.DAT   <20180617-222732 65,536>
+ H:\1_Recovery\1_5570-Recovery\InspironRecovery\1_esp\EFI\dell\SOS\bootx64.efi   <20170929-084142 1,250,336>
+ H:\1_Recovery\1_5570-Recovery\InspironRecovery\1_esp\EFI\dell\SOS\kdstub.dll   <20170929-084146 23,448>
+ H:\1_Recovery\1_5570-Recovery\InspironRecovery\1_esp\EFI\dell\SOS\kd_02_10df.dll   <20170929-084146 31,128>
+ H:\1_Recovery\1_5570-Recovery\InspironRecovery\1_esp\EFI\dell\SOS\kd_02_10ec.dll   <20170929-084146 329,112>
+ H:\1_Recovery\1_5570-Recovery\InspironRecovery\1_esp\EFI\dell\SOS\kd_02_1137.dll   <20170929-084146 26,520>
+ H:\1_Recovery\1_5570-Recovery\InspironRecovery\1_esp\EFI\dell\SOS\kd_02_14e4.dll   <20170929-084146 216,472>
+ H:\1_Recovery\1_5570-Recovery\InspironRecovery\1_esp\EFI\dell\SOS\kd_02_15b3.dll   <20170929-084146 44,440>
+ H:\1_Recovery\1_5570-Recovery\InspironRecovery\1_esp\EFI\dell\SOS\kd_02_1969.dll   <20170929-084146 42,392>
+ H:\1_Recovery\1_5570-Recovery\InspironRecovery\1_esp\EFI\dell\SOS\kd_02_19a2.dll   <20170929-084146 30,240>
+ H:\1_Recovery\1_5570-Recovery\InspironRecovery\1_esp\EFI\dell\SOS\kd_02_1af4.dll   <20170929-084146 20,376>
+ H:\1_Recovery\1_5570-Recovery\InspironRecovery\1_esp\EFI\dell\SOS\kd_02_8086.dll   <20170929-084146 248,728>
+ H:\1_Recovery\1_5570-Recovery\InspironRecovery\1_esp\EFI\dell\SOS\kd_07_1415.dll   <20170929-084146 18,840>
+ H:\1_Recovery\1_5570-Recovery\InspironRecovery\1_esp\EFI\dell\SOS\kd_0C_8086.dll   <20170929-084146 40,344>
+ H:\1_Recovery\1_5570-Recovery\InspironRecovery\1_esp\EFI\dell\SOS\memtest.efi   <20170929-084142 1,082,264>
+ H:\1_Recovery\1_5570-Recovery\InspironRecovery\1_esp\EFI\dell\SOS\winsipolicy.p7b   <20170929-084142 7,678>
+ H:\1_Recovery\1_5570-Recovery\InspironRecovery\1_esp\EFI\dell\SOS\bg-BG\   <20231114-071750>
+ H:\1_Recovery\1_5570-Recovery\InspironRecovery\1_esp\EFI\dell\SOS\bg-BG\bootmgfw.efi.mui   <20170929-084154 77,720>
+ H:\1_Recovery\1_5570-Recovery\InspironRecovery\1_esp\EFI\dell\SOS\bg-BG\bootmgr.efi.mui   <20170929-084154 77,720>
+ H:\1_Recovery\1_5570-Recovery\InspironRecovery\1_esp\EFI\dell\SOS\cs-CZ\   <20231114-071750>
+ H:\1_Recovery\1_5570-Recovery\InspironRecovery\1_esp\EFI\dell\SOS\cs-CZ\bootmgfw.efi.mui   <20170929-084154 77,208>
+ H:\1_Recovery\1_5570-Recovery\InspironRecovery\1_esp\EFI\dell\SOS\cs-CZ\bootmgr.efi.mui   <20170929-084154 77,208>
+ H:\1_Recovery\1_5570-Recovery\InspironRecovery\1_esp\EFI\dell\SOS\cs-CZ\memtest.efi.mui   <20170929-084154 45,464>
+ H:\1_Recovery\1_5570-Recovery\InspironRecovery\1_esp\EFI\dell\SOS\da-DK\   <20231114-071750>
+ H:\1_Recovery\1_5570-Recovery\InspironRecovery\1_esp\EFI\dell\SOS\da-DK\bootmgfw.efi.mui   <20170929-084154 76,184>
+ H:\1_Recovery\1_5570-Recovery\InspironRecovery\1_esp\EFI\dell\SOS\da-DK\bootmgr.efi.mui   <20170929-084154 76,184>
+ H:\1_Recovery\1_5570-Recovery\InspironRecovery\1_esp\EFI\dell\SOS\da-DK\memtest.efi.mui   <20170929-084154 45,464>
+ H:\1_Recovery\1_5570-Recovery\InspironRecovery\1_esp\EFI\dell\SOS\de-DE\   <20231114-071750>
+ H:\1_Recovery\1_5570-Recovery\InspironRecovery\1_esp\EFI\dell\SOS\de-DE\bootmgfw.efi.mui   <20170929-084154 79,768>
+ H:\1_Recovery\1_5570-Recovery\InspironRecovery\1_esp\EFI\dell\SOS\de-DE\bootmgr.efi.mui   <20170929-084154 79,768>
+ H:\1_Recovery\1_5570-Recovery\InspironRecovery\1_esp\EFI\dell\SOS\de-DE\memtest.efi.mui   <20170929-084154 45,976>
+ H:\1_Recovery\1_5570-Recovery\InspironRecovery\1_esp\EFI\dell\SOS\el-GR\   <20231114-071750>
+ H:\1_Recovery\1_5570-Recovery\InspironRecovery\1_esp\EFI\dell\SOS\el-GR\bootmgfw.efi.mui   <20170929-084154 79,392>
+ H:\1_Recovery\1_5570-Recovery\InspironRecovery\1_esp\EFI\dell\SOS\el-GR\bootmgr.efi.mui   <20170929-084154 80,280>
+ H:\1_Recovery\1_5570-Recovery\InspironRecovery\1_esp\EFI\dell\SOS\el-GR\memtest.efi.mui   <20170929-084156 46,488>
+ H:\1_Recovery\1_5570-Recovery\InspironRecovery\1_esp\EFI\dell\SOS\en-GB\   <20231114-071750>
+ H:\1_Recovery\1_5570-Recovery\InspironRecovery\1_esp\EFI\dell\SOS\en-GB\bootmgfw.efi.mui   <20170929-084154 74,648>
+ H:\1_Recovery\1_5570-Recovery\InspironRecovery\1_esp\EFI\dell\SOS\en-GB\bootmgr.efi.mui   <20170929-084154 74,648>
+ H:\1_Recovery\1_5570-Recovery\InspironRecovery\1_esp\EFI\dell\SOS\en-US\   <20231114-071750>
+ H:\1_Recovery\1_5570-Recovery\InspironRecovery\1_esp\EFI\dell\SOS\en-US\bootmgfw.efi.mui   <20170929-084154 73,760>
+ H:\1_Recovery\1_5570-Recovery\InspironRecovery\1_esp\EFI\dell\SOS\en-US\bootmgr.efi.mui   <20170929-084154 74,648>
+ H:\1_Recovery\1_5570-Recovery\InspironRecovery\1_esp\EFI\dell\SOS\en-US\memtest.efi.mui   <20170929-084156 44,952>
+ H:\1_Recovery\1_5570-Recovery\InspironRecovery\1_esp\EFI\dell\SOS\es-ES\   <20231114-071750>
+ H:\1_Recovery\1_5570-Recovery\InspironRecovery\1_esp\EFI\dell\SOS\es-ES\bootmgfw.efi.mui   <20170929-084154 77,720>
+ H:\1_Recovery\1_5570-Recovery\InspironRecovery\1_esp\EFI\dell\SOS\es-ES\bootmgr.efi.mui   <20170929-084154 77,720>
+ H:\1_Recovery\1_5570-Recovery\InspironRecovery\1_esp\EFI\dell\SOS\es-ES\memtest.efi.mui   <20170929-084156 45,976>
+ H:\1_Recovery\1_5570-Recovery\InspironRecovery\1_esp\EFI\dell\SOS\es-MX\   <20231114-071750>
+ H:\1_Recovery\1_5570-Recovery\InspironRecovery\1_esp\EFI\dell\SOS\es-MX\bootmgfw.efi.mui   <20170929-084154 77,720>
+ H:\1_Recovery\1_5570-Recovery\InspironRecovery\1_esp\EFI\dell\SOS\es-MX\bootmgr.efi.mui   <20170929-084154 77,720>
+ H:\1_Recovery\1_5570-Recovery\InspironRecovery\1_esp\EFI\dell\SOS\et-EE\   <20231114-071750>
+ H:\1_Recovery\1_5570-Recovery\InspironRecovery\1_esp\EFI\dell\SOS\et-EE\bootmgfw.efi.mui   <20170929-084154 74,784>
+ H:\1_Recovery\1_5570-Recovery\InspironRecovery\1_esp\EFI\dell\SOS\et-EE\bootmgr.efi.mui   <20170929-084154 75,672>
+ H:\1_Recovery\1_5570-Recovery\InspironRecovery\1_esp\EFI\dell\SOS\fi-FI\   <20231114-071750>
+ H:\1_Recovery\1_5570-Recovery\InspironRecovery\1_esp\EFI\dell\SOS\fi-FI\bootmgfw.efi.mui   <20170929-084154 76,320>
+ H:\1_Recovery\1_5570-Recovery\InspironRecovery\1_esp\EFI\dell\SOS\fi-FI\bootmgr.efi.mui   <20170929-084154 77,208>
+ H:\1_Recovery\1_5570-Recovery\InspironRecovery\1_esp\EFI\dell\SOS\fi-FI\memtest.efi.mui   <20170929-084156 45,464>
+ H:\1_Recovery\1_5570-Recovery\InspironRecovery\1_esp\EFI\dell\SOS\Fonts\   <20231114-071750>
+ H:\1_Recovery\1_5570-Recovery\InspironRecovery\1_esp\EFI\dell\SOS\Fonts\chs_boot.ttf   <20170929-084142 3,695,714>
+ H:\1_Recovery\1_5570-Recovery\InspironRecovery\1_esp\EFI\dell\SOS\Fonts\cht_boot.ttf   <20170929-084142 3,878,407>
+ H:\1_Recovery\1_5570-Recovery\InspironRecovery\1_esp\EFI\dell\SOS\Fonts\jpn_boot.ttf   <20170929-084142 1,985,861>
+ H:\1_Recovery\1_5570-Recovery\InspironRecovery\1_esp\EFI\dell\SOS\Fonts\kor_boot.ttf   <20170929-084142 2,372,994>
+ H:\1_Recovery\1_5570-Recovery\InspironRecovery\1_esp\EFI\dell\SOS\Fonts\malgunn_boot.ttf   <20170929-084142 174,954>
+ H:\1_Recovery\1_5570-Recovery\InspironRecovery\1_esp\EFI\dell\SOS\Fonts\malgun_boot.ttf   <20170929-084142 177,411>
+ H:\1_Recovery\1_5570-Recovery\InspironRecovery\1_esp\EFI\dell\SOS\Fonts\meiryon_boot.ttf   <20170929-084142 143,750>
+ H:\1_Recovery\1_5570-Recovery\InspironRecovery\1_esp\EFI\dell\SOS\Fonts\meiryo_boot.ttf   <20170929-084142 145,414>
+ H:\1_Recovery\1_5570-Recovery\InspironRecovery\1_esp\EFI\dell\SOS\Fonts\msjhn_boot.ttf   <20170929-084142 162,323>
+ H:\1_Recovery\1_5570-Recovery\InspironRecovery\1_esp\EFI\dell\SOS\Fonts\msjh_boot.ttf   <20170929-084142 164,341>
+ H:\1_Recovery\1_5570-Recovery\InspironRecovery\1_esp\EFI\dell\SOS\Fonts\msyhn_boot.ttf   <20170929-084142 154,422>
+ H:\1_Recovery\1_5570-Recovery\InspironRecovery\1_esp\EFI\dell\SOS\Fonts\msyh_boot.ttf   <20170929-084142 155,350>
+ H:\1_Recovery\1_5570-Recovery\InspironRecovery\1_esp\EFI\dell\SOS\Fonts\segmono_boot.ttf   <20170929-084142 44,854>
+ H:\1_Recovery\1_5570-Recovery\InspironRecovery\1_esp\EFI\dell\SOS\Fonts\segoen_slboot.ttf   <20170929-084142 85,858>
+ H:\1_Recovery\1_5570-Recovery\InspironRecovery\1_esp\EFI\dell\SOS\Fonts\segoe_slboot.ttf   <20170929-084142 86,174>
+ H:\1_Recovery\1_5570-Recovery\InspironRecovery\1_esp\EFI\dell\SOS\Fonts\wgl4_boot.ttf   <20170929-084142 49,086>
+ H:\1_Recovery\1_5570-Recovery\InspironRecovery\1_esp\EFI\dell\SOS\fr-CA\   <20231114-071750>
+ H:\1_Recovery\1_5570-Recovery\InspironRecovery\1_esp\EFI\dell\SOS\fr-CA\bootmgfw.efi.mui   <20170929-084154 79,256>
+ H:\1_Recovery\1_5570-Recovery\InspironRecovery\1_esp\EFI\dell\SOS\fr-CA\bootmgr.efi.mui   <20170929-084154 78,368>
+ H:\1_Recovery\1_5570-Recovery\InspironRecovery\1_esp\EFI\dell\SOS\fr-FR\   <20231114-071750>
+ H:\1_Recovery\1_5570-Recovery\InspironRecovery\1_esp\EFI\dell\SOS\fr-FR\bootmgfw.efi.mui   <20170929-084154 79,768>
+ H:\1_Recovery\1_5570-Recovery\InspironRecovery\1_esp\EFI\dell\SOS\fr-FR\bootmgr.efi.mui   <20170929-084154 79,768>
+ H:\1_Recovery\1_5570-Recovery\InspironRecovery\1_esp\EFI\dell\SOS\fr-FR\memtest.efi.mui   <20170929-084156 45,976>
+ H:\1_Recovery\1_5570-Recovery\InspironRecovery\1_esp\EFI\dell\SOS\hr-HR\   <20231114-071750>
+ H:\1_Recovery\1_5570-Recovery\InspironRecovery\1_esp\EFI\dell\SOS\hr-HR\bootmgfw.efi.mui   <20170929-084154 76,696>
+ H:\1_Recovery\1_5570-Recovery\InspironRecovery\1_esp\EFI\dell\SOS\hr-HR\bootmgr.efi.mui   <20170929-084154 76,696>
+ H:\1_Recovery\1_5570-Recovery\InspironRecovery\1_esp\EFI\dell\SOS\hu-HU\   <20231114-071750>
+ H:\1_Recovery\1_5570-Recovery\InspironRecovery\1_esp\EFI\dell\SOS\hu-HU\bootmgfw.efi.mui   <20170929-084154 79,256>
+ H:\1_Recovery\1_5570-Recovery\InspironRecovery\1_esp\EFI\dell\SOS\hu-HU\bootmgr.efi.mui   <20170929-084154 79,256>
+ H:\1_Recovery\1_5570-Recovery\InspironRecovery\1_esp\EFI\dell\SOS\hu-HU\memtest.efi.mui   <20170929-084156 45,976>
+ H:\1_Recovery\1_5570-Recovery\InspironRecovery\1_esp\EFI\dell\SOS\it-IT\   <20231114-071750>
+ H:\1_Recovery\1_5570-Recovery\InspironRecovery\1_esp\EFI\dell\SOS\it-IT\bootmgfw.efi.mui   <20170929-084154 77,208>
+ H:\1_Recovery\1_5570-Recovery\InspironRecovery\1_esp\EFI\dell\SOS\it-IT\bootmgr.efi.mui   <20170929-084154 77,208>
+ H:\1_Recovery\1_5570-Recovery\InspironRecovery\1_esp\EFI\dell\SOS\it-IT\memtest.efi.mui   <20170929-084156 45,464>
+ H:\1_Recovery\1_5570-Recovery\InspironRecovery\1_esp\EFI\dell\SOS\ja-JP\   <20231114-071750>
+ H:\1_Recovery\1_5570-Recovery\InspironRecovery\1_esp\EFI\dell\SOS\ja-JP\bootmgfw.efi.mui   <20170929-084154 67,104>
+ H:\1_Recovery\1_5570-Recovery\InspironRecovery\1_esp\EFI\dell\SOS\ja-JP\bootmgr.efi.mui   <20170929-084154 67,992>
+ H:\1_Recovery\1_5570-Recovery\InspironRecovery\1_esp\EFI\dell\SOS\ja-JP\memtest.efi.mui   <20170929-084156 42,904>
+ H:\1_Recovery\1_5570-Recovery\InspironRecovery\1_esp\EFI\dell\SOS\ko-KR\   <20231114-071750>
+ H:\1_Recovery\1_5570-Recovery\InspironRecovery\1_esp\EFI\dell\SOS\ko-KR\bootmgfw.efi.mui   <20170929-084154 67,480>
+ H:\1_Recovery\1_5570-Recovery\InspironRecovery\1_esp\EFI\dell\SOS\ko-KR\bootmgr.efi.mui   <20170929-084154 67,480>
+ H:\1_Recovery\1_5570-Recovery\InspironRecovery\1_esp\EFI\dell\SOS\ko-KR\memtest.efi.mui   <20170929-084156 42,904>
+ H:\1_Recovery\1_5570-Recovery\InspironRecovery\1_esp\EFI\dell\SOS\lt-LT\   <20231114-071750>
+ H:\1_Recovery\1_5570-Recovery\InspironRecovery\1_esp\EFI\dell\SOS\lt-LT\bootmgfw.efi.mui   <20170929-084156 76,184>
+ H:\1_Recovery\1_5570-Recovery\InspironRecovery\1_esp\EFI\dell\SOS\lt-LT\bootmgr.efi.mui   <20170929-084156 76,184>
+ H:\1_Recovery\1_5570-Recovery\InspironRecovery\1_esp\EFI\dell\SOS\lv-LV\   <20231114-071750>
+ H:\1_Recovery\1_5570-Recovery\InspironRecovery\1_esp\EFI\dell\SOS\lv-LV\bootmgfw.efi.mui   <20170929-084156 76,184>
+ H:\1_Recovery\1_5570-Recovery\InspironRecovery\1_esp\EFI\dell\SOS\lv-LV\bootmgr.efi.mui   <20170929-084156 76,184>
+ H:\1_Recovery\1_5570-Recovery\InspironRecovery\1_esp\EFI\dell\SOS\nb-NO\   <20231114-071750>
+ H:\1_Recovery\1_5570-Recovery\InspironRecovery\1_esp\EFI\dell\SOS\nb-NO\bootmgfw.efi.mui   <20170929-084156 76,184>
+ H:\1_Recovery\1_5570-Recovery\InspironRecovery\1_esp\EFI\dell\SOS\nb-NO\bootmgr.efi.mui   <20170929-084156 76,184>
+ H:\1_Recovery\1_5570-Recovery\InspironRecovery\1_esp\EFI\dell\SOS\nb-NO\memtest.efi.mui   <20170929-084154 45,464>
+ H:\1_Recovery\1_5570-Recovery\InspironRecovery\1_esp\EFI\dell\SOS\nl-NL\   <20231114-071750>
+ H:\1_Recovery\1_5570-Recovery\InspironRecovery\1_esp\EFI\dell\SOS\nl-NL\bootmgfw.efi.mui   <20170929-084156 78,232>
+ H:\1_Recovery\1_5570-Recovery\InspironRecovery\1_esp\EFI\dell\SOS\nl-NL\bootmgr.efi.mui   <20170929-084156 78,232>
+ H:\1_Recovery\1_5570-Recovery\InspironRecovery\1_esp\EFI\dell\SOS\nl-NL\memtest.efi.mui   <20170929-084154 45,464>
+ H:\1_Recovery\1_5570-Recovery\InspironRecovery\1_esp\EFI\dell\SOS\pl-PL\   <20231114-071750>
+ H:\1_Recovery\1_5570-Recovery\InspironRecovery\1_esp\EFI\dell\SOS\pl-PL\bootmgfw.efi.mui   <20170929-084156 78,232>
+ H:\1_Recovery\1_5570-Recovery\InspironRecovery\1_esp\EFI\dell\SOS\pl-PL\bootmgr.efi.mui   <20170929-084156 78,232>
+ H:\1_Recovery\1_5570-Recovery\InspironRecovery\1_esp\EFI\dell\SOS\pl-PL\memtest.efi.mui   <20170929-084154 45,976>
+ H:\1_Recovery\1_5570-Recovery\InspironRecovery\1_esp\EFI\dell\SOS\pt-BR\   <20231114-071750>
+ H:\1_Recovery\1_5570-Recovery\InspironRecovery\1_esp\EFI\dell\SOS\pt-BR\bootmgfw.efi.mui   <20170929-084156 77,208>
+ H:\1_Recovery\1_5570-Recovery\InspironRecovery\1_esp\EFI\dell\SOS\pt-BR\bootmgr.efi.mui   <20170929-084156 77,208>
+ H:\1_Recovery\1_5570-Recovery\InspironRecovery\1_esp\EFI\dell\SOS\pt-BR\memtest.efi.mui   <20170929-084154 45,464>
+ H:\1_Recovery\1_5570-Recovery\InspironRecovery\1_esp\EFI\dell\SOS\pt-PT\   <20231114-071750>
+ H:\1_Recovery\1_5570-Recovery\InspironRecovery\1_esp\EFI\dell\SOS\pt-PT\bootmgfw.efi.mui   <20170929-084156 77,208>
+ H:\1_Recovery\1_5570-Recovery\InspironRecovery\1_esp\EFI\dell\SOS\pt-PT\bootmgr.efi.mui   <20170929-084156 77,208>
+ H:\1_Recovery\1_5570-Recovery\InspironRecovery\1_esp\EFI\dell\SOS\pt-PT\memtest.efi.mui   <20170929-084154 45,976>
+ H:\1_Recovery\1_5570-Recovery\InspironRecovery\1_esp\EFI\dell\SOS\qps-ploc\   <20231114-071750>
+ H:\1_Recovery\1_5570-Recovery\InspironRecovery\1_esp\EFI\dell\SOS\qps-ploc\memtest.efi.mui   <20170929-084154 54,168>
+ H:\1_Recovery\1_5570-Recovery\InspironRecovery\1_esp\EFI\dell\SOS\Resources\   <20231114-071750>
+ H:\1_Recovery\1_5570-Recovery\InspironRecovery\1_esp\EFI\dell\SOS\Resources\bootres.dll   <20170929-084146 92,568>
+ H:\1_Recovery\1_5570-Recovery\InspironRecovery\1_esp\EFI\dell\SOS\Resources\en-US\   <20231114-071750>
+ H:\1_Recovery\1_5570-Recovery\InspironRecovery\1_esp\EFI\dell\SOS\Resources\en-US\bootres.dll.mui   <20170929-094046 12,184>
+ H:\1_Recovery\1_5570-Recovery\InspironRecovery\1_esp\EFI\dell\SOS\ro-RO\   <20231114-071750>
+ H:\1_Recovery\1_5570-Recovery\InspironRecovery\1_esp\EFI\dell\SOS\ro-RO\bootmgfw.efi.mui   <20170929-084156 76,696>
+ H:\1_Recovery\1_5570-Recovery\InspironRecovery\1_esp\EFI\dell\SOS\ro-RO\bootmgr.efi.mui   <20170929-084156 76,696>
+ H:\1_Recovery\1_5570-Recovery\InspironRecovery\1_esp\EFI\dell\SOS\ru-RU\   <20231114-071750>
+ H:\1_Recovery\1_5570-Recovery\InspironRecovery\1_esp\EFI\dell\SOS\ru-RU\bootmgfw.efi.mui   <20170929-084156 77,208>
+ H:\1_Recovery\1_5570-Recovery\InspironRecovery\1_esp\EFI\dell\SOS\ru-RU\bootmgr.efi.mui   <20170929-084156 77,208>
+ H:\1_Recovery\1_5570-Recovery\InspironRecovery\1_esp\EFI\dell\SOS\ru-RU\memtest.efi.mui   <20170929-084154 44,952>
+ H:\1_Recovery\1_5570-Recovery\InspironRecovery\1_esp\EFI\dell\SOS\sk-SK\   <20231114-071750>
+ H:\1_Recovery\1_5570-Recovery\InspironRecovery\1_esp\EFI\dell\SOS\sk-SK\bootmgfw.efi.mui   <20170929-084156 77,720>
+ H:\1_Recovery\1_5570-Recovery\InspironRecovery\1_esp\EFI\dell\SOS\sk-SK\bootmgr.efi.mui   <20170929-084156 77,720>
+ H:\1_Recovery\1_5570-Recovery\InspironRecovery\1_esp\EFI\dell\SOS\sl-SI\   <20231114-071750>
+ H:\1_Recovery\1_5570-Recovery\InspironRecovery\1_esp\EFI\dell\SOS\sl-SI\bootmgfw.efi.mui   <20170929-084156 77,208>
+ H:\1_Recovery\1_5570-Recovery\InspironRecovery\1_esp\EFI\dell\SOS\sl-SI\bootmgr.efi.mui   <20170929-084156 76,320>
+ H:\1_Recovery\1_5570-Recovery\InspironRecovery\1_esp\EFI\dell\SOS\sr-Latn-RS\   <20231114-071750>
+ H:\1_Recovery\1_5570-Recovery\InspironRecovery\1_esp\EFI\dell\SOS\sr-Latn-RS\bootmgfw.efi.mui   <20170929-084154 76,320>
+ H:\1_Recovery\1_5570-Recovery\InspironRecovery\1_esp\EFI\dell\SOS\sr-Latn-RS\bootmgr.efi.mui   <20170929-084154 77,208>
+ H:\1_Recovery\1_5570-Recovery\InspironRecovery\1_esp\EFI\dell\SOS\sv-SE\   <20231114-071750>
+ H:\1_Recovery\1_5570-Recovery\InspironRecovery\1_esp\EFI\dell\SOS\sv-SE\bootmgfw.efi.mui   <20170929-084156 76,696>
+ H:\1_Recovery\1_5570-Recovery\InspironRecovery\1_esp\EFI\dell\SOS\sv-SE\bootmgr.efi.mui   <20170929-084156 76,696>
+ H:\1_Recovery\1_5570-Recovery\InspironRecovery\1_esp\EFI\dell\SOS\sv-SE\memtest.efi.mui   <20170929-084154 44,064>
+ H:\1_Recovery\1_5570-Recovery\InspironRecovery\1_esp\EFI\dell\SOS\tr-TR\   <20231114-071750>
+ H:\1_Recovery\1_5570-Recovery\InspironRecovery\1_esp\EFI\dell\SOS\tr-TR\bootmgfw.efi.mui   <20170929-084156 75,672>
+ H:\1_Recovery\1_5570-Recovery\InspironRecovery\1_esp\EFI\dell\SOS\tr-TR\bootmgr.efi.mui   <20170929-084156 75,672>
+ H:\1_Recovery\1_5570-Recovery\InspironRecovery\1_esp\EFI\dell\SOS\tr-TR\memtest.efi.mui   <20170929-084154 44,576>
+ H:\1_Recovery\1_5570-Recovery\InspironRecovery\1_esp\EFI\dell\SOS\uk-UA\   <20231114-071750>
+ H:\1_Recovery\1_5570-Recovery\InspironRecovery\1_esp\EFI\dell\SOS\uk-UA\bootmgfw.efi.mui   <20170929-084156 77,720>
+ H:\1_Recovery\1_5570-Recovery\InspironRecovery\1_esp\EFI\dell\SOS\uk-UA\bootmgr.efi.mui   <20170929-084156 77,720>
+ H:\1_Recovery\1_5570-Recovery\InspironRecovery\1_esp\EFI\dell\SOS\zh-CN\   <20231114-071750>
+ H:\1_Recovery\1_5570-Recovery\InspironRecovery\1_esp\EFI\dell\SOS\zh-CN\bootmgfw.efi.mui   <20170929-084154 63,896>
+ H:\1_Recovery\1_5570-Recovery\InspironRecovery\1_esp\EFI\dell\SOS\zh-CN\bootmgr.efi.mui   <20170929-084154 63,896>
+ H:\1_Recovery\1_5570-Recovery\InspironRecovery\1_esp\EFI\dell\SOS\zh-CN\memtest.efi.mui   <20170929-084156 42,392>
+ H:\1_Recovery\1_5570-Recovery\InspironRecovery\1_esp\EFI\dell\SOS\zh-TW\   <20231114-071750>
+ H:\1_Recovery\1_5570-Recovery\InspironRecovery\1_esp\EFI\dell\SOS\zh-TW\bootmgfw.efi.mui   <20170929-084154 64,408>
+ H:\1_Recovery\1_5570-Recovery\InspironRecovery\1_esp\EFI\dell\SOS\zh-TW\bootmgr.efi.mui   <20170929-084154 64,408>
+ H:\1_Recovery\1_5570-Recovery\InspironRecovery\1_esp\EFI\dell\SOS\zh-TW\memtest.efi.mui   <20170929-084156 41,504>
+ H:\1_Recovery\1_5570-Recovery\InspironRecovery\1_esp\EFI\Microsoft\   <20231114-071752>
+ H:\1_Recovery\1_5570-Recovery\InspironRecovery\1_esp\EFI\Microsoft\Boot\   <20231114-071752>
+ H:\1_Recovery\1_5570-Recovery\InspironRecovery\1_esp\EFI\Microsoft\Boot\BCD   <20190104-163854 32,768>
+ H:\1_Recovery\1_5570-Recovery\InspironRecovery\1_esp\EFI\Microsoft\Boot\BCD.LOG   <20180617-222734 40,960>
+ H:\1_Recovery\1_5570-Recovery\InspironRecovery\1_esp\EFI\Microsoft\Boot\BCD.LOG1   <20180617-222734 0>
+ H:\1_Recovery\1_5570-Recovery\InspironRecovery\1_esp\EFI\Microsoft\Boot\BCD.LOG2   <20180617-222734 0>
+ H:\1_Recovery\1_5570-Recovery\InspironRecovery\1_esp\EFI\Microsoft\Boot\boot.stl   <20170929-094142 4,669>
+ H:\1_Recovery\1_5570-Recovery\InspironRecovery\1_esp\EFI\Microsoft\Boot\bootmgfw.efi   <20180617-231950 1,252,760>
+ H:\1_Recovery\1_5570-Recovery\InspironRecovery\1_esp\EFI\Microsoft\Boot\bootmgr.efi   <20180617-231950 1,237,912>
+ H:\1_Recovery\1_5570-Recovery\InspironRecovery\1_esp\EFI\Microsoft\Boot\BOOTSTAT.DAT   <20180617-222732 65,536>
+ H:\1_Recovery\1_5570-Recovery\InspironRecovery\1_esp\EFI\Microsoft\Boot\kdstub.dll   <20170929-084146 23,448>
+ H:\1_Recovery\1_5570-Recovery\InspironRecovery\1_esp\EFI\Microsoft\Boot\kd_02_10df.dll   <20170929-084146 31,128>
+ H:\1_Recovery\1_5570-Recovery\InspironRecovery\1_esp\EFI\Microsoft\Boot\kd_02_10ec.dll   <20170929-084146 329,112>
+ H:\1_Recovery\1_5570-Recovery\InspironRecovery\1_esp\EFI\Microsoft\Boot\kd_02_1137.dll   <20170929-084146 26,520>
+ H:\1_Recovery\1_5570-Recovery\InspironRecovery\1_esp\EFI\Microsoft\Boot\kd_02_14e4.dll   <20170929-084146 216,472>
+ H:\1_Recovery\1_5570-Recovery\InspironRecovery\1_esp\EFI\Microsoft\Boot\kd_02_15b3.dll   <20170929-084146 44,440>
+ H:\1_Recovery\1_5570-Recovery\InspironRecovery\1_esp\EFI\Microsoft\Boot\kd_02_1969.dll   <20170929-084146 42,392>
+ H:\1_Recovery\1_5570-Recovery\InspironRecovery\1_esp\EFI\Microsoft\Boot\kd_02_19a2.dll   <20170929-084146 30,240>
+ H:\1_Recovery\1_5570-Recovery\InspironRecovery\1_esp\EFI\Microsoft\Boot\kd_02_1af4.dll   <20170929-084146 20,376>
+ H:\1_Recovery\1_5570-Recovery\InspironRecovery\1_esp\EFI\Microsoft\Boot\kd_02_8086.dll   <20170929-084146 248,728>
+ H:\1_Recovery\1_5570-Recovery\InspironRecovery\1_esp\EFI\Microsoft\Boot\kd_07_1415.dll   <20170929-084146 18,840>
+ H:\1_Recovery\1_5570-Recovery\InspironRecovery\1_esp\EFI\Microsoft\Boot\kd_0C_8086.dll   <20170929-084146 40,344>
+ H:\1_Recovery\1_5570-Recovery\InspironRecovery\1_esp\EFI\Microsoft\Boot\memtest.efi   <20180617-231956 1,083,800>
+ H:\1_Recovery\1_5570-Recovery\InspironRecovery\1_esp\EFI\Microsoft\Boot\winsipolicy.p7b   <20170929-094142 7,678>
+ H:\1_Recovery\1_5570-Recovery\InspironRecovery\1_esp\EFI\Microsoft\Boot\bg-BG\   <20231114-071750>
+ H:\1_Recovery\1_5570-Recovery\InspironRecovery\1_esp\EFI\Microsoft\Boot\bg-BG\bootmgfw.efi.mui   <20170929-094154 77,720>
+ H:\1_Recovery\1_5570-Recovery\InspironRecovery\1_esp\EFI\Microsoft\Boot\bg-BG\bootmgr.efi.mui   <20170929-094154 77,720>
+ H:\1_Recovery\1_5570-Recovery\InspironRecovery\1_esp\EFI\Microsoft\Boot\cs-CZ\   <20231114-071750>
+ H:\1_Recovery\1_5570-Recovery\InspironRecovery\1_esp\EFI\Microsoft\Boot\cs-CZ\bootmgfw.efi.mui   <20170929-094154 77,208>
+ H:\1_Recovery\1_5570-Recovery\InspironRecovery\1_esp\EFI\Microsoft\Boot\cs-CZ\bootmgr.efi.mui   <20170929-094154 77,208>
+ H:\1_Recovery\1_5570-Recovery\InspironRecovery\1_esp\EFI\Microsoft\Boot\cs-CZ\memtest.efi.mui   <20170929-094154 45,464>
+ H:\1_Recovery\1_5570-Recovery\InspironRecovery\1_esp\EFI\Microsoft\Boot\da-DK\   <20231114-071750>
+ H:\1_Recovery\1_5570-Recovery\InspironRecovery\1_esp\EFI\Microsoft\Boot\da-DK\bootmgfw.efi.mui   <20170929-094154 76,184>
+ H:\1_Recovery\1_5570-Recovery\InspironRecovery\1_esp\EFI\Microsoft\Boot\da-DK\bootmgr.efi.mui   <20170929-094154 76,184>
+ H:\1_Recovery\1_5570-Recovery\InspironRecovery\1_esp\EFI\Microsoft\Boot\da-DK\memtest.efi.mui   <20170929-094154 45,464>
+ H:\1_Recovery\1_5570-Recovery\InspironRecovery\1_esp\EFI\Microsoft\Boot\de-DE\   <20231114-071750>
+ H:\1_Recovery\1_5570-Recovery\InspironRecovery\1_esp\EFI\Microsoft\Boot\de-DE\bootmgfw.efi.mui   <20170929-094154 79,768>
+ H:\1_Recovery\1_5570-Recovery\InspironRecovery\1_esp\EFI\Microsoft\Boot\de-DE\bootmgr.efi.mui   <20170929-094154 79,768>
+ H:\1_Recovery\1_5570-Recovery\InspironRecovery\1_esp\EFI\Microsoft\Boot\de-DE\memtest.efi.mui   <20170929-094154 45,976>
+ H:\1_Recovery\1_5570-Recovery\InspironRecovery\1_esp\EFI\Microsoft\Boot\el-GR\   <20231114-071750>
+ H:\1_Recovery\1_5570-Recovery\InspironRecovery\1_esp\EFI\Microsoft\Boot\el-GR\bootmgfw.efi.mui   <20170929-094154 79,392>
+ H:\1_Recovery\1_5570-Recovery\InspironRecovery\1_esp\EFI\Microsoft\Boot\el-GR\bootmgr.efi.mui   <20170929-094154 80,280>
+ H:\1_Recovery\1_5570-Recovery\InspironRecovery\1_esp\EFI\Microsoft\Boot\el-GR\memtest.efi.mui   <20170929-094156 46,488>
+ H:\1_Recovery\1_5570-Recovery\InspironRecovery\1_esp\EFI\Microsoft\Boot\en-GB\   <20231114-071750>
+ H:\1_Recovery\1_5570-Recovery\InspironRecovery\1_esp\EFI\Microsoft\Boot\en-GB\bootmgfw.efi.mui   <20170929-094154 74,648>
+ H:\1_Recovery\1_5570-Recovery\InspironRecovery\1_esp\EFI\Microsoft\Boot\en-GB\bootmgr.efi.mui   <20170929-094154 74,648>
+ H:\1_Recovery\1_5570-Recovery\InspironRecovery\1_esp\EFI\Microsoft\Boot\en-US\   <20231114-071750>
+ H:\1_Recovery\1_5570-Recovery\InspironRecovery\1_esp\EFI\Microsoft\Boot\en-US\bootmgfw.efi.mui   <20170929-094154 73,760>
+ H:\1_Recovery\1_5570-Recovery\InspironRecovery\1_esp\EFI\Microsoft\Boot\en-US\bootmgr.efi.mui   <20170929-094154 74,648>
+ H:\1_Recovery\1_5570-Recovery\InspironRecovery\1_esp\EFI\Microsoft\Boot\en-US\memtest.efi.mui   <20170929-094156 44,952>
+ H:\1_Recovery\1_5570-Recovery\InspironRecovery\1_esp\EFI\Microsoft\Boot\es-ES\   <20231114-071750>
+ H:\1_Recovery\1_5570-Recovery\InspironRecovery\1_esp\EFI\Microsoft\Boot\es-ES\bootmgfw.efi.mui   <20170929-094154 77,720>
+ H:\1_Recovery\1_5570-Recovery\InspironRecovery\1_esp\EFI\Microsoft\Boot\es-ES\bootmgr.efi.mui   <20170929-094154 77,720>
+ H:\1_Recovery\1_5570-Recovery\InspironRecovery\1_esp\EFI\Microsoft\Boot\es-ES\memtest.efi.mui   <20170929-094156 45,976>
+ H:\1_Recovery\1_5570-Recovery\InspironRecovery\1_esp\EFI\Microsoft\Boot\es-MX\   <20231114-071752>
+ H:\1_Recovery\1_5570-Recovery\InspironRecovery\1_esp\EFI\Microsoft\Boot\es-MX\bootmgfw.efi.mui   <20170929-094154 77,720>
+ H:\1_Recovery\1_5570-Recovery\InspironRecovery\1_esp\EFI\Microsoft\Boot\es-MX\bootmgr.efi.mui   <20170929-094154 77,720>
+ H:\1_Recovery\1_5570-Recovery\InspironRecovery\1_esp\EFI\Microsoft\Boot\et-EE\   <20231114-071752>
+ H:\1_Recovery\1_5570-Recovery\InspironRecovery\1_esp\EFI\Microsoft\Boot\et-EE\bootmgfw.efi.mui   <20170929-094154 74,784>
+ H:\1_Recovery\1_5570-Recovery\InspironRecovery\1_esp\EFI\Microsoft\Boot\et-EE\bootmgr.efi.mui   <20170929-094154 75,672>
+ H:\1_Recovery\1_5570-Recovery\InspironRecovery\1_esp\EFI\Microsoft\Boot\fi-FI\   <20231114-071752>
+ H:\1_Recovery\1_5570-Recovery\InspironRecovery\1_esp\EFI\Microsoft\Boot\fi-FI\bootmgfw.efi.mui   <20170929-094154 76,320>
+ H:\1_Recovery\1_5570-Recovery\InspironRecovery\1_esp\EFI\Microsoft\Boot\fi-FI\bootmgr.efi.mui   <20170929-094154 77,208>
+ H:\1_Recovery\1_5570-Recovery\InspironRecovery\1_esp\EFI\Microsoft\Boot\fi-FI\memtest.efi.mui   <20170929-094156 45,464>
+ H:\1_Recovery\1_5570-Recovery\InspironRecovery\1_esp\EFI\Microsoft\Boot\Fonts\   <20231114-071752>
+ H:\1_Recovery\1_5570-Recovery\InspironRecovery\1_esp\EFI\Microsoft\Boot\Fonts\chs_boot.ttf   <20170929-084142 3,695,714>
+ H:\1_Recovery\1_5570-Recovery\InspironRecovery\1_esp\EFI\Microsoft\Boot\Fonts\cht_boot.ttf   <20170929-084142 3,878,407>
+ H:\1_Recovery\1_5570-Recovery\InspironRecovery\1_esp\EFI\Microsoft\Boot\Fonts\jpn_boot.ttf   <20170929-084142 1,985,861>
+ H:\1_Recovery\1_5570-Recovery\InspironRecovery\1_esp\EFI\Microsoft\Boot\Fonts\kor_boot.ttf   <20170929-084142 2,372,994>
+ H:\1_Recovery\1_5570-Recovery\InspironRecovery\1_esp\EFI\Microsoft\Boot\Fonts\malgunn_boot.ttf   <20170929-084142 174,954>
+ H:\1_Recovery\1_5570-Recovery\InspironRecovery\1_esp\EFI\Microsoft\Boot\Fonts\malgun_boot.ttf   <20170929-084142 177,411>
+ H:\1_Recovery\1_5570-Recovery\InspironRecovery\1_esp\EFI\Microsoft\Boot\Fonts\meiryon_boot.ttf   <20170929-084142 143,750>
+ H:\1_Recovery\1_5570-Recovery\InspironRecovery\1_esp\EFI\Microsoft\Boot\Fonts\meiryo_boot.ttf   <20170929-084142 145,414>
+ H:\1_Recovery\1_5570-Recovery\InspironRecovery\1_esp\EFI\Microsoft\Boot\Fonts\msjhn_boot.ttf   <20170929-084142 162,323>
+ H:\1_Recovery\1_5570-Recovery\InspironRecovery\1_esp\EFI\Microsoft\Boot\Fonts\msjh_boot.ttf   <20170929-084142 164,341>
+ H:\1_Recovery\1_5570-Recovery\InspironRecovery\1_esp\EFI\Microsoft\Boot\Fonts\msyhn_boot.ttf   <20170929-084142 154,422>
+ H:\1_Recovery\1_5570-Recovery\InspironRecovery\1_esp\EFI\Microsoft\Boot\Fonts\msyh_boot.ttf   <20170929-084142 155,350>
+ H:\1_Recovery\1_5570-Recovery\InspironRecovery\1_esp\EFI\Microsoft\Boot\Fonts\segmono_boot.ttf   <20170929-084142 44,854>
+ H:\1_Recovery\1_5570-Recovery\InspironRecovery\1_esp\EFI\Microsoft\Boot\Fonts\segoen_slboot.ttf   <20170929-084142 85,858>
+ H:\1_Recovery\1_5570-Recovery\InspironRecovery\1_esp\EFI\Microsoft\Boot\Fonts\segoe_slboot.ttf   <20170929-084142 86,174>
+ H:\1_Recovery\1_5570-Recovery\InspironRecovery\1_esp\EFI\Microsoft\Boot\Fonts\wgl4_boot.ttf   <20170929-084142 49,086>
+ H:\1_Recovery\1_5570-Recovery\InspironRecovery\1_esp\EFI\Microsoft\Boot\fr-CA\   <20231114-071752>
+ H:\1_Recovery\1_5570-Recovery\InspironRecovery\1_esp\EFI\Microsoft\Boot\fr-CA\bootmgfw.efi.mui   <20170929-094154 79,256>
+ H:\1_Recovery\1_5570-Recovery\InspironRecovery\1_esp\EFI\Microsoft\Boot\fr-CA\bootmgr.efi.mui   <20170929-094154 78,368>
+ H:\1_Recovery\1_5570-Recovery\InspironRecovery\1_esp\EFI\Microsoft\Boot\fr-FR\   <20231114-071752>
+ H:\1_Recovery\1_5570-Recovery\InspironRecovery\1_esp\EFI\Microsoft\Boot\fr-FR\bootmgfw.efi.mui   <20170929-094154 79,768>
+ H:\1_Recovery\1_5570-Recovery\InspironRecovery\1_esp\EFI\Microsoft\Boot\fr-FR\bootmgr.efi.mui   <20170929-094154 79,768>
+ H:\1_Recovery\1_5570-Recovery\InspironRecovery\1_esp\EFI\Microsoft\Boot\fr-FR\memtest.efi.mui   <20170929-094156 45,976>
+ H:\1_Recovery\1_5570-Recovery\InspironRecovery\1_esp\EFI\Microsoft\Boot\hr-HR\   <20231114-071752>
+ H:\1_Recovery\1_5570-Recovery\InspironRecovery\1_esp\EFI\Microsoft\Boot\hr-HR\bootmgfw.efi.mui   <20170929-094154 76,696>
+ H:\1_Recovery\1_5570-Recovery\InspironRecovery\1_esp\EFI\Microsoft\Boot\hr-HR\bootmgr.efi.mui   <20170929-094154 76,696>
+ H:\1_Recovery\1_5570-Recovery\InspironRecovery\1_esp\EFI\Microsoft\Boot\hu-HU\   <20231114-071752>
+ H:\1_Recovery\1_5570-Recovery\InspironRecovery\1_esp\EFI\Microsoft\Boot\hu-HU\bootmgfw.efi.mui   <20170929-094154 79,256>
+ H:\1_Recovery\1_5570-Recovery\InspironRecovery\1_esp\EFI\Microsoft\Boot\hu-HU\bootmgr.efi.mui   <20170929-094154 79,256>
+ H:\1_Recovery\1_5570-Recovery\InspironRecovery\1_esp\EFI\Microsoft\Boot\hu-HU\memtest.efi.mui   <20170929-094156 45,976>
+ H:\1_Recovery\1_5570-Recovery\InspironRecovery\1_esp\EFI\Microsoft\Boot\it-IT\   <20231114-071752>
+ H:\1_Recovery\1_5570-Recovery\InspironRecovery\1_esp\EFI\Microsoft\Boot\it-IT\bootmgfw.efi.mui   <20170929-094154 77,208>
+ H:\1_Recovery\1_5570-Recovery\InspironRecovery\1_esp\EFI\Microsoft\Boot\it-IT\bootmgr.efi.mui   <20170929-094154 77,208>
+ H:\1_Recovery\1_5570-Recovery\InspironRecovery\1_esp\EFI\Microsoft\Boot\it-IT\memtest.efi.mui   <20170929-094156 45,464>
+ H:\1_Recovery\1_5570-Recovery\InspironRecovery\1_esp\EFI\Microsoft\Boot\ja-JP\   <20231114-071752>
+ H:\1_Recovery\1_5570-Recovery\InspironRecovery\1_esp\EFI\Microsoft\Boot\ja-JP\bootmgfw.efi.mui   <20170929-094154 67,104>
+ H:\1_Recovery\1_5570-Recovery\InspironRecovery\1_esp\EFI\Microsoft\Boot\ja-JP\bootmgr.efi.mui   <20170929-094154 67,992>
+ H:\1_Recovery\1_5570-Recovery\InspironRecovery\1_esp\EFI\Microsoft\Boot\ja-JP\memtest.efi.mui   <20170929-094156 42,904>
+ H:\1_Recovery\1_5570-Recovery\InspironRecovery\1_esp\EFI\Microsoft\Boot\ko-KR\   <20231114-071752>
+ H:\1_Recovery\1_5570-Recovery\InspironRecovery\1_esp\EFI\Microsoft\Boot\ko-KR\bootmgfw.efi.mui   <20170929-094154 67,480>
+ H:\1_Recovery\1_5570-Recovery\InspironRecovery\1_esp\EFI\Microsoft\Boot\ko-KR\bootmgr.efi.mui   <20170929-094154 67,480>
+ H:\1_Recovery\1_5570-Recovery\InspironRecovery\1_esp\EFI\Microsoft\Boot\ko-KR\memtest.efi.mui   <20170929-094156 42,904>
+ H:\1_Recovery\1_5570-Recovery\InspironRecovery\1_esp\EFI\Microsoft\Boot\lt-LT\   <20231114-071752>
+ H:\1_Recovery\1_5570-Recovery\InspironRecovery\1_esp\EFI\Microsoft\Boot\lt-LT\bootmgfw.efi.mui   <20170929-094156 76,184>
+ H:\1_Recovery\1_5570-Recovery\InspironRecovery\1_esp\EFI\Microsoft\Boot\lt-LT\bootmgr.efi.mui   <20170929-094156 76,184>
+ H:\1_Recovery\1_5570-Recovery\InspironRecovery\1_esp\EFI\Microsoft\Boot\lv-LV\   <20231114-071752>
+ H:\1_Recovery\1_5570-Recovery\InspironRecovery\1_esp\EFI\Microsoft\Boot\lv-LV\bootmgfw.efi.mui   <20170929-094156 76,184>
+ H:\1_Recovery\1_5570-Recovery\InspironRecovery\1_esp\EFI\Microsoft\Boot\lv-LV\bootmgr.efi.mui   <20170929-094156 76,184>
+ H:\1_Recovery\1_5570-Recovery\InspironRecovery\1_esp\EFI\Microsoft\Boot\nb-NO\   <20231114-071752>
+ H:\1_Recovery\1_5570-Recovery\InspironRecovery\1_esp\EFI\Microsoft\Boot\nb-NO\bootmgfw.efi.mui   <20170929-094156 76,184>
+ H:\1_Recovery\1_5570-Recovery\InspironRecovery\1_esp\EFI\Microsoft\Boot\nb-NO\bootmgr.efi.mui   <20170929-094156 76,184>
+ H:\1_Recovery\1_5570-Recovery\InspironRecovery\1_esp\EFI\Microsoft\Boot\nb-NO\memtest.efi.mui   <20170929-094154 45,464>
+ H:\1_Recovery\1_5570-Recovery\InspironRecovery\1_esp\EFI\Microsoft\Boot\nl-NL\   <20231114-071752>
+ H:\1_Recovery\1_5570-Recovery\InspironRecovery\1_esp\EFI\Microsoft\Boot\nl-NL\bootmgfw.efi.mui   <20170929-094156 78,232>
+ H:\1_Recovery\1_5570-Recovery\InspironRecovery\1_esp\EFI\Microsoft\Boot\nl-NL\bootmgr.efi.mui   <20170929-094156 78,232>
+ H:\1_Recovery\1_5570-Recovery\InspironRecovery\1_esp\EFI\Microsoft\Boot\nl-NL\memtest.efi.mui   <20170929-094154 45,464>
+ H:\1_Recovery\1_5570-Recovery\InspironRecovery\1_esp\EFI\Microsoft\Boot\pl-PL\   <20231114-071752>
+ H:\1_Recovery\1_5570-Recovery\InspironRecovery\1_esp\EFI\Microsoft\Boot\pl-PL\bootmgfw.efi.mui   <20170929-094156 78,232>
+ H:\1_Recovery\1_5570-Recovery\InspironRecovery\1_esp\EFI\Microsoft\Boot\pl-PL\bootmgr.efi.mui   <20170929-094156 78,232>
+ H:\1_Recovery\1_5570-Recovery\InspironRecovery\1_esp\EFI\Microsoft\Boot\pl-PL\memtest.efi.mui   <20170929-094154 45,976>
+ H:\1_Recovery\1_5570-Recovery\InspironRecovery\1_esp\EFI\Microsoft\Boot\pt-BR\   <20231114-071752>
+ H:\1_Recovery\1_5570-Recovery\InspironRecovery\1_esp\EFI\Microsoft\Boot\pt-BR\bootmgfw.efi.mui   <20170929-094156 77,208>
+ H:\1_Recovery\1_5570-Recovery\InspironRecovery\1_esp\EFI\Microsoft\Boot\pt-BR\bootmgr.efi.mui   <20170929-094156 77,208>
+ H:\1_Recovery\1_5570-Recovery\InspironRecovery\1_esp\EFI\Microsoft\Boot\pt-BR\memtest.efi.mui   <20170929-094154 45,464>
+ H:\1_Recovery\1_5570-Recovery\InspironRecovery\1_esp\EFI\Microsoft\Boot\pt-PT\   <20231114-071752>
+ H:\1_Recovery\1_5570-Recovery\InspironRecovery\1_esp\EFI\Microsoft\Boot\pt-PT\bootmgfw.efi.mui   <20170929-094156 77,208>
+ H:\1_Recovery\1_5570-Recovery\InspironRecovery\1_esp\EFI\Microsoft\Boot\pt-PT\bootmgr.efi.mui   <20170929-094156 77,208>
+ H:\1_Recovery\1_5570-Recovery\InspironRecovery\1_esp\EFI\Microsoft\Boot\pt-PT\memtest.efi.mui   <20170929-094154 45,976>
+ H:\1_Recovery\1_5570-Recovery\InspironRecovery\1_esp\EFI\Microsoft\Boot\qps-ploc\   <20231114-071752>
+ H:\1_Recovery\1_5570-Recovery\InspironRecovery\1_esp\EFI\Microsoft\Boot\qps-ploc\memtest.efi.mui   <20170929-094154 54,168>
+ H:\1_Recovery\1_5570-Recovery\InspironRecovery\1_esp\EFI\Microsoft\Boot\Resources\   <20231114-071752>
+ H:\1_Recovery\1_5570-Recovery\InspironRecovery\1_esp\EFI\Microsoft\Boot\Resources\bootres.dll   <20170929-084146 92,568>
+ H:\1_Recovery\1_5570-Recovery\InspironRecovery\1_esp\EFI\Microsoft\Boot\Resources\en-US\   <20231114-071752>
+ H:\1_Recovery\1_5570-Recovery\InspironRecovery\1_esp\EFI\Microsoft\Boot\Resources\en-US\bootres.dll.mui   <20170929-094046 12,184>
+ H:\1_Recovery\1_5570-Recovery\InspironRecovery\1_esp\EFI\Microsoft\Boot\ro-RO\   <20231114-071752>
+ H:\1_Recovery\1_5570-Recovery\InspironRecovery\1_esp\EFI\Microsoft\Boot\ro-RO\bootmgfw.efi.mui   <20170929-094156 76,696>
+ H:\1_Recovery\1_5570-Recovery\InspironRecovery\1_esp\EFI\Microsoft\Boot\ro-RO\bootmgr.efi.mui   <20170929-094156 76,696>
+ H:\1_Recovery\1_5570-Recovery\InspironRecovery\1_esp\EFI\Microsoft\Boot\ru-RU\   <20231114-071752>
+ H:\1_Recovery\1_5570-Recovery\InspironRecovery\1_esp\EFI\Microsoft\Boot\ru-RU\bootmgfw.efi.mui   <20170929-094156 77,208>
+ H:\1_Recovery\1_5570-Recovery\InspironRecovery\1_esp\EFI\Microsoft\Boot\ru-RU\bootmgr.efi.mui   <20170929-094156 77,208>
+ H:\1_Recovery\1_5570-Recovery\InspironRecovery\1_esp\EFI\Microsoft\Boot\ru-RU\memtest.efi.mui   <20170929-094154 44,952>
+ H:\1_Recovery\1_5570-Recovery\InspironRecovery\1_esp\EFI\Microsoft\Boot\sk-SK\   <20231114-071752>
+ H:\1_Recovery\1_5570-Recovery\InspironRecovery\1_esp\EFI\Microsoft\Boot\sk-SK\bootmgfw.efi.mui   <20170929-094156 77,720>
+ H:\1_Recovery\1_5570-Recovery\InspironRecovery\1_esp\EFI\Microsoft\Boot\sk-SK\bootmgr.efi.mui   <20170929-094156 77,720>
+ H:\1_Recovery\1_5570-Recovery\InspironRecovery\1_esp\EFI\Microsoft\Boot\sl-SI\   <20231114-071752>
+ H:\1_Recovery\1_5570-Recovery\InspironRecovery\1_esp\EFI\Microsoft\Boot\sl-SI\bootmgfw.efi.mui   <20170929-094156 77,208>
+ H:\1_Recovery\1_5570-Recovery\InspironRecovery\1_esp\EFI\Microsoft\Boot\sl-SI\bootmgr.efi.mui   <20170929-094156 76,320>
+ H:\1_Recovery\1_5570-Recovery\InspironRecovery\1_esp\EFI\Microsoft\Boot\sr-Latn-RS\   <20231114-071752>
+ H:\1_Recovery\1_5570-Recovery\InspironRecovery\1_esp\EFI\Microsoft\Boot\sr-Latn-RS\bootmgfw.efi.mui   <20170929-094154 76,320>
+ H:\1_Recovery\1_5570-Recovery\InspironRecovery\1_esp\EFI\Microsoft\Boot\sr-Latn-RS\bootmgr.efi.mui   <20170929-094154 77,208>
+ H:\1_Recovery\1_5570-Recovery\InspironRecovery\1_esp\EFI\Microsoft\Boot\sv-SE\   <20231114-071752>
+ H:\1_Recovery\1_5570-Recovery\InspironRecovery\1_esp\EFI\Microsoft\Boot\sv-SE\bootmgfw.efi.mui   <20170929-094156 76,696>
+ H:\1_Recovery\1_5570-Recovery\InspironRecovery\1_esp\EFI\Microsoft\Boot\sv-SE\bootmgr.efi.mui   <20170929-094156 76,696>
+ H:\1_Recovery\1_5570-Recovery\InspironRecovery\1_esp\EFI\Microsoft\Boot\sv-SE\memtest.efi.mui   <20170929-094154 44,064>
+ H:\1_Recovery\1_5570-Recovery\InspironRecovery\1_esp\EFI\Microsoft\Boot\tr-TR\   <20231114-071752>
+ H:\1_Recovery\1_5570-Recovery\InspironRecovery\1_esp\EFI\Microsoft\Boot\tr-TR\bootmgfw.efi.mui   <20170929-094156 75,672>
+ H:\1_Recovery\1_5570-Recovery\InspironRecovery\1_esp\EFI\Microsoft\Boot\tr-TR\bootmgr.efi.mui   <20170929-094156 75,672>
+ H:\1_Recovery\1_5570-Recovery\InspironRecovery\1_esp\EFI\Microsoft\Boot\tr-TR\memtest.efi.mui   <20170929-094154 44,576>
+ H:\1_Recovery\1_5570-Recovery\InspironRecovery\1_esp\EFI\Microsoft\Boot\uk-UA\   <20231114-071752>
+ H:\1_Recovery\1_5570-Recovery\InspironRecovery\1_esp\EFI\Microsoft\Boot\uk-UA\bootmgfw.efi.mui   <20170929-094156 77,720>
+ H:\1_Recovery\1_5570-Recovery\InspironRecovery\1_esp\EFI\Microsoft\Boot\uk-UA\bootmgr.efi.mui   <20170929-094156 77,720>
+ H:\1_Recovery\1_5570-Recovery\InspironRecovery\1_esp\EFI\Microsoft\Boot\zh-CN\   <20231114-071752>
+ H:\1_Recovery\1_5570-Recovery\InspironRecovery\1_esp\EFI\Microsoft\Boot\zh-CN\bootmgfw.efi.mui   <20170929-094154 63,896>
+ H:\1_Recovery\1_5570-Recovery\InspironRecovery\1_esp\EFI\Microsoft\Boot\zh-CN\bootmgr.efi.mui   <20170929-094154 63,896>
+ H:\1_Recovery\1_5570-Recovery\InspironRecovery\1_esp\EFI\Microsoft\Boot\zh-CN\memtest.efi.mui   <20170929-094156 42,392>
+ H:\1_Recovery\1_5570-Recovery\InspironRecovery\1_esp\EFI\Microsoft\Boot\zh-TW\   <20231114-071752>
+ H:\1_Recovery\1_5570-Recovery\InspironRecovery\1_esp\EFI\Microsoft\Boot\zh-TW\bootmgfw.efi.mui   <20170929-094154 64,408>
+ H:\1_Recovery\1_5570-Recovery\InspironRecovery\1_esp\EFI\Microsoft\Boot\zh-TW\bootmgr.efi.mui   <20170929-094154 64,408>
+ H:\1_Recovery\1_5570-Recovery\InspironRecovery\1_esp\EFI\Microsoft\Boot\zh-TW\memtest.efi.mui   <20170929-094156 41,504>
+ H:\1_Recovery\1_5570-Recovery\InspironRecovery\1_esp\EFI\Microsoft\Recovery\   <20231114-071752>
+ H:\1_Recovery\1_5570-Recovery\InspironRecovery\1_esp\EFI\Microsoft\Recovery\BCD   <20180618-010014 20,480>
+ H:\1_Recovery\1_5570-Recovery\InspironRecovery\1_esp\EFI\Microsoft\Recovery\BCD.LOG   <20180617-222734 24,576>
+ H:\1_Recovery\1_5570-Recovery\InspironRecovery\1_esp\EFI\Microsoft\Recovery\BCD.LOG1   <20180617-222734 0>
+ H:\1_Recovery\1_5570-Recovery\InspironRecovery\1_esp\EFI\Microsoft\Recovery\BCD.LOG2   <20180617-222734 0>
+ H:\1_Recovery\1_5570-Recovery\InspironRecovery\3_winretools\   <20231114-071752>
+ H:\1_Recovery\1_5570-Recovery\InspironRecovery\3_winretools\recovery\   <20231114-071752>
+ H:\1_Recovery\1_5570-Recovery\InspironRecovery\3_winretools\recovery\windowsre\   <20231114-071752>
+ H:\1_Recovery\1_5570-Recovery\InspironRecovery\3_winretools\recovery\windowsre\boot.sdi   <20170929-084206 3,170,304>
+ H:\1_Recovery\1_5570-Recovery\InspironRecovery\3_winretools\recovery\windowsre\ReAgent.xml   <20190103-201240 1,141>
+ H:\1_Recovery\1_5570-Recovery\InspironRecovery\3_winretools\recovery\windowsre\winre.wim   <20180617-225836 378,775,448>
+ H:\1_Recovery\1_5570-Recovery\InspironRecovery\4_Image\   <20231114-071754>
+ H:\1_Recovery\1_5570-Recovery\InspironRecovery\4_Image\Image\   <20231114-071920>
+ H:\1_Recovery\1_5570-Recovery\InspironRecovery\4_Image\Image\bootmenu.xml   <20161207-174146 15,522>
+ H:\1_Recovery\1_5570-Recovery\InspironRecovery\4_Image\Image\DellEFI.wim   <20180618-005200 38,043,869>
+ H:\1_Recovery\1_5570-Recovery\InspironRecovery\4_Image\Image\DELLSUPPORT.wim   <20180618-005234 584,639,520>
+ H:\1_Recovery\1_5570-Recovery\InspironRecovery\4_Image\Image\diskpart.txt   <20180618-005812 754>
+ H:\1_Recovery\1_5570-Recovery\InspironRecovery\4_Image\Image\DK-EXC.exe   <20171019-072254 347,680>
+ H:\1_Recovery\1_5570-Recovery\InspironRecovery\4_Image\Image\EFI.wim   <20180618-010020 30,596,540>
+ H:\1_Recovery\1_5570-Recovery\InspironRecovery\4_Image\Image\install.swm   <20180618-005808 3,712,957,715>
+ H:\1_Recovery\1_5570-Recovery\InspironRecovery\4_Image\Image\install2.swm   <20180618-005808 3,757,823,505>
+ H:\1_Recovery\1_5570-Recovery\InspironRecovery\4_Image\Image\install3.swm   <20180618-005808 3,057,882,482>
+ H:\1_Recovery\1_5570-Recovery\InspironRecovery\4_Image\Image\obe-info.wim   <20180618-005246 1,139,190>
+ H:\1_Recovery\1_5570-Recovery\InspironRecovery\4_Image\Image\oem.wim   <20180618-005246 586,542>
+ H:\1_Recovery\1_5570-Recovery\InspironRecovery\4_Image\Image\resetconfig.xml   <20180618-005812 521>
+ H:\1_Recovery\1_5570-Recovery\InspironRecovery\4_Image\Image\wallpaper.wim   <20180618-005248 7,896,425>
+ H:\1_Recovery\1_5570-Recovery\InspironRecovery\4_Image\Image\winre.wim   <20180617-225836 378,775,448>
+ H:\1_Recovery\1_5570-Recovery\InspironRecovery\4_Image\Image\Logs\   <20231114-071920>
+ H:\1_Recovery\1_5570-Recovery\InspironRecovery\4_Image\Image\Logs\EnableWinRE.log   <20180618-010020 1,532>
+ H:\1_Recovery\1_5570-Recovery\InspironRecovery\4_Image\Image\Logs\MigLog.xml   <20180617-232402 66,978,461>
+ H:\1_Recovery\1_5570-Recovery\InspironRecovery\4_Image\Image\Logs\ScanState.log   <20180617-232404 10,498,233>
+ H:\1_Recovery\1_5570-Recovery\InspironRecovery\4_Image\Image\Logs\Versions.ini   <20180618-003502 601>
+ H:\1_Recovery\1_5570-Recovery\InspironRecovery\4_Image\Image\panther\   <20231114-071920>
+ H:\1_Recovery\1_5570-Recovery\InspironRecovery\4_Image\Image\panther\unattend.xml   <20180617-231400 2,167>
+ H:\1_Recovery\1_5570-Recovery\InspironRecovery\5_DellSupport\   <20231114-071926>
+ H:\1_Recovery\1_5570-Recovery\InspironRecovery\5_DellSupport\apps\   <20231114-071922>
+ H:\1_Recovery\1_5570-Recovery\InspironRecovery\5_DellSupport\apps\bin\   <20231114-071922>
+ H:\1_Recovery\1_5570-Recovery\InspironRecovery\5_DellSupport\apps\bin\Authentication.dll   <20171019-072500 15,392>
+ H:\1_Recovery\1_5570-Recovery\InspironRecovery\5_DellSupport\apps\bin\BootupSOS.exe   <20171019-072500 47,136>
+ H:\1_Recovery\1_5570-Recovery\InspironRecovery\5_DellSupport\apps\bin\buildinfo.txt   <20171019-072904 37>
+ H:\1_Recovery\1_5570-Recovery\InspironRecovery\5_DellSupport\apps\bin\CommonNative.dll   <20171019-072500 77,856>
+ H:\1_Recovery\1_5570-Recovery\InspironRecovery\5_DellSupport\apps\bin\DawsClient.dll   <20171019-072500 36,384>
+ H:\1_Recovery\1_5570-Recovery\InspironRecovery\5_DellSupport\apps\bin\DellSupportCore.dll   <20171019-072500 34,336>
+ H:\1_Recovery\1_5570-Recovery\InspironRecovery\5_DellSupport\apps\bin\DisplayPatternList.xml   <20171019-070706 4,042>
+ H:\1_Recovery\1_5570-Recovery\InspironRecovery\5_DellSupport\apps\bin\DriveInfo.dll   <20171019-072500 26,656>
+ H:\1_Recovery\1_5570-Recovery\InspironRecovery\5_DellSupport\apps\bin\File_Restore.exe   <20171019-072500 1,328,160>
+ H:\1_Recovery\1_5570-Recovery\InspironRecovery\5_DellSupport\apps\bin\File_Restore.exe.config   <20171019-070706 327>
+ H:\1_Recovery\1_5570-Recovery\InspironRecovery\5_DellSupport\apps\bin\FIRCore.dll   <20171019-072500 132,128>
+ H:\1_Recovery\1_5570-Recovery\InspironRecovery\5_DellSupport\apps\bin\FIRCore.lib   <20171019-071506 8,176>
+ H:\1_Recovery\1_5570-Recovery\InspironRecovery\5_DellSupport\apps\bin\FIRCoreWrapper.dll   <20171019-072500 45,600>
+ H:\1_Recovery\1_5570-Recovery\InspironRecovery\5_DellSupport\apps\bin\Google.ProtocolBuffers.dll   <20171019-072500 325,664>
+ H:\1_Recovery\1_5570-Recovery\InspironRecovery\5_DellSupport\apps\bin\HtmlAgilityPack.dll   <20171019-072500 141,344>
+ H:\1_Recovery\1_5570-Recovery\InspironRecovery\5_DellSupport\apps\bin\Ionic.Zip.dll   <20171019-072500 462,368>
+ H:\1_Recovery\1_5570-Recovery\InspironRecovery\5_DellSupport\apps\bin\loaddriver.bat   <20171019-070706 589>
+ H:\1_Recovery\1_5570-Recovery\InspironRecovery\5_DellSupport\apps\bin\log.dll   <20171019-072500 24,608>
+ H:\1_Recovery\1_5570-Recovery\InspironRecovery\5_DellSupport\apps\bin\log4net.dll   <20171019-072500 307,744>
+ H:\1_Recovery\1_5570-Recovery\InspironRecovery\5_DellSupport\apps\bin\LogUtil.exe   <20171019-072500 12,832>
+ H:\1_Recovery\1_5570-Recovery\InspironRecovery\5_DellSupport\apps\bin\mailbox.dll   <20171019-072500 279,584>
+ H:\1_Recovery\1_5570-Recovery\InspironRecovery\5_DellSupport\apps\bin\MainOSProfile.dll   <20171019-072500 70,176>
+ H:\1_Recovery\1_5570-Recovery\InspironRecovery\5_DellSupport\apps\bin\MainUI.exe   <20171019-072500 1,891,872>
+ H:\1_Recovery\1_5570-Recovery\InspironRecovery\5_DellSupport\apps\bin\MainUI.exe.config   <20171019-070706 326>
+ H:\1_Recovery\1_5570-Recovery\InspironRecovery\5_DellSupport\apps\bin\MainUIServiceLayer.dll   <20171019-072500 53,792>
+ H:\1_Recovery\1_5570-Recovery\InspironRecovery\5_DellSupport\apps\bin\Microsoft.Dism.dll   <20171019-072500 51,744>
+ H:\1_Recovery\1_5570-Recovery\InspironRecovery\5_DellSupport\apps\bin\Microsoft.Win32Ex.dll   <20171019-072500 173,088>
+ H:\1_Recovery\1_5570-Recovery\InspironRecovery\5_DellSupport\apps\bin\msvcp140.dll   <20171019-072500 625,696>
+ H:\1_Recovery\1_5570-Recovery\InspironRecovery\5_DellSupport\apps\bin\NativeWrapper.dll   <20171019-072502 49,696>
+ H:\1_Recovery\1_5570-Recovery\InspironRecovery\5_DellSupport\apps\bin\networktestlauncher.exe   <20171019-072502 948,768>
+ H:\1_Recovery\1_5570-Recovery\InspironRecovery\5_DellSupport\apps\bin\NFluent.dll   <20171019-072502 120,864>
+ H:\1_Recovery\1_5570-Recovery\InspironRecovery\5_DellSupport\apps\bin\NTCore.dll   <20171019-072502 72,224>
+ H:\1_Recovery\1_5570-Recovery\InspironRecovery\5_DellSupport\apps\bin\OSFeedback.dll   <20171019-072502 38,944>
+ H:\1_Recovery\1_5570-Recovery\InspironRecovery\5_DellSupport\apps\bin\OSRepairWrapper.dll   <20171019-072502 13,344>
+ H:\1_Recovery\1_5570-Recovery\InspironRecovery\5_DellSupport\apps\bin\Registry.dll   <20171019-072502 103,968>
+ H:\1_Recovery\1_5570-Recovery\InspironRecovery\5_DellSupport\apps\bin\SDSMigrationTools.dll   <20171019-072502 1,355,808>
+ H:\1_Recovery\1_5570-Recovery\InspironRecovery\5_DellSupport\apps\bin\SDSSmartRepairTools.dll   <20171019-072502 13,138,976>
+ H:\1_Recovery\1_5570-Recovery\InspironRecovery\5_DellSupport\apps\bin\ServiceOSFont.dll   <20171019-072502 3,114,528>
+ H:\1_Recovery\1_5570-Recovery\InspironRecovery\5_DellSupport\apps\bin\SmartRepairToolsWrapper.dll   <20171019-072502 40,992>
+ H:\1_Recovery\1_5570-Recovery\InspironRecovery\5_DellSupport\apps\bin\soscore.dll   <20171019-072502 15,392>
+ H:\1_Recovery\1_5570-Recovery\InspironRecovery\5_DellSupport\apps\bin\SystemHelper.dll   <20171019-072502 296,480>
+ H:\1_Recovery\1_5570-Recovery\InspironRecovery\5_DellSupport\apps\bin\sys_settings_sos.xml   <20171019-072904 1,300>
+ H:\1_Recovery\1_5570-Recovery\InspironRecovery\5_DellSupport\apps\bin\Telemetry.dll   <20171019-072502 76,832>
+ H:\1_Recovery\1_5570-Recovery\InspironRecovery\5_DellSupport\apps\bin\utilities.dll   <20171019-072502 311,328>
+ H:\1_Recovery\1_5570-Recovery\InspironRecovery\5_DellSupport\apps\bin\vcruntime140.dll   <20171019-072502 79,392>
+ H:\1_Recovery\1_5570-Recovery\InspironRecovery\5_DellSupport\apps\bin\WinPEDiags.dll   <20171019-072502 36,896>
+ H:\1_Recovery\1_5570-Recovery\InspironRecovery\5_DellSupport\apps\bin\zxing.dll   <20171019-072504 427,552>
+ H:\1_Recovery\1_5570-Recovery\InspironRecovery\5_DellSupport\apps\bin\diags\   <20231114-071922>
+ H:\1_Recovery\1_5570-Recovery\InspironRecovery\5_DellSupport\apps\bin\diags\x64\   <20231114-071922>
+ H:\1_Recovery\1_5570-Recovery\InspironRecovery\5_DellSupport\apps\bin\diags\x64\.keep   <20171019-070656 2>
+ H:\1_Recovery\1_5570-Recovery\InspironRecovery\5_DellSupport\apps\bin\diags\x64\addf_sm.dll   <20171019-070656 83,496>
+ H:\1_Recovery\1_5570-Recovery\InspironRecovery\5_DellSupport\apps\bin\diags\x64\afaapi.dll   <20171019-070656 903,208>
+ H:\1_Recovery\1_5570-Recovery\InspironRecovery\5_DellSupport\apps\bin\diags\x64\Battery.exe   <20171019-070656 304,680>
+ H:\1_Recovery\1_5570-Recovery\InspironRecovery\5_DellSupport\apps\bin\diags\x64\bc_vbdll.dll   <20171019-070656 313,896>
+ H:\1_Recovery\1_5570-Recovery\InspironRecovery\5_DellSupport\apps\bin\diags\x64\Cables.exe   <20171019-070656 548,392>
+ H:\1_Recovery\1_5570-Recovery\InspironRecovery\5_DellSupport\apps\bin\diags\x64\DDDriver64Sos.sys   <20171019-070656 26,952>
+ H:\1_Recovery\1_5570-Recovery\InspironRecovery\5_DellSupport\apps\bin\diags\x64\Disk.exe   <20171019-070656 1,939,496>
+ H:\1_Recovery\1_5570-Recovery\InspironRecovery\5_DellSupport\apps\bin\diags\x64\Fan.exe   <20171019-070656 529,448>
+ H:\1_Recovery\1_5570-Recovery\InspironRecovery\5_DellSupport\apps\bin\diags\x64\Memory.exe   <20171019-070656 561,192>
+ H:\1_Recovery\1_5570-Recovery\InspironRecovery\5_DellSupport\apps\bin\diags\x64\mv_api.dll   <20171019-070656 285,736>
+ H:\1_Recovery\1_5570-Recovery\InspironRecovery\5_DellSupport\apps\bin\diags\x64\propsys.dll   <20171019-070656 740,392>
+ H:\1_Recovery\1_5570-Recovery\InspironRecovery\5_DellSupport\apps\bin\diags\x64\RealSSD-API.dll   <20171019-070656 260,136>
+ H:\1_Recovery\1_5570-Recovery\InspironRecovery\5_DellSupport\apps\bin\diags\x64\storarc.dll   <20171019-070656 1,925,160>
+ H:\1_Recovery\1_5570-Recovery\InspironRecovery\5_DellSupport\apps\bin\res\   <20231114-071922>
+ H:\1_Recovery\1_5570-Recovery\InspironRecovery\5_DellSupport\apps\bin\res\ar\   <20231114-071922>
+ H:\1_Recovery\1_5570-Recovery\InspironRecovery\5_DellSupport\apps\bin\res\ar\MainUI.resources.dll   <20171019-072502 93,216>
+ H:\1_Recovery\1_5570-Recovery\InspironRecovery\5_DellSupport\apps\bin\res\cs\   <20231114-071922>
+ H:\1_Recovery\1_5570-Recovery\InspironRecovery\5_DellSupport\apps\bin\res\cs\MainUI.resources.dll   <20171019-072502 75,296>
+ H:\1_Recovery\1_5570-Recovery\InspironRecovery\5_DellSupport\apps\bin\res\da\   <20231114-071922>
+ H:\1_Recovery\1_5570-Recovery\InspironRecovery\5_DellSupport\apps\bin\res\da\MainUI.resources.dll   <20171019-072502 74,272>
+ H:\1_Recovery\1_5570-Recovery\InspironRecovery\5_DellSupport\apps\bin\res\de\   <20231114-071922>
+ H:\1_Recovery\1_5570-Recovery\InspironRecovery\5_DellSupport\apps\bin\res\de\MainUI.resources.dll   <20171019-072502 81,440>
+ H:\1_Recovery\1_5570-Recovery\InspironRecovery\5_DellSupport\apps\bin\res\el\   <20231114-071922>
+ H:\1_Recovery\1_5570-Recovery\InspironRecovery\5_DellSupport\apps\bin\res\el\MainUI.resources.dll   <20171019-072502 119,328>
+ H:\1_Recovery\1_5570-Recovery\InspironRecovery\5_DellSupport\apps\bin\res\en\   <20231114-071922>
+ H:\1_Recovery\1_5570-Recovery\InspironRecovery\5_DellSupport\apps\bin\res\en\MainUI.resources.dll   <20171019-072502 72,736>
+ H:\1_Recovery\1_5570-Recovery\InspironRecovery\5_DellSupport\apps\bin\res\es\   <20231114-071922>
+ H:\1_Recovery\1_5570-Recovery\InspironRecovery\5_DellSupport\apps\bin\res\es\MainUI.resources.dll   <20171019-072502 78,368>
+ H:\1_Recovery\1_5570-Recovery\InspironRecovery\5_DellSupport\apps\bin\res\fi\   <20231114-071922>
+ H:\1_Recovery\1_5570-Recovery\InspironRecovery\5_DellSupport\apps\bin\res\fi\MainUI.resources.dll   <20171019-072502 72,736>
+ H:\1_Recovery\1_5570-Recovery\InspironRecovery\5_DellSupport\apps\bin\res\fr\   <20231114-071922>
+ H:\1_Recovery\1_5570-Recovery\InspironRecovery\5_DellSupport\apps\bin\res\fr\MainUI.resources.dll   <20171019-072502 80,928>
+ H:\1_Recovery\1_5570-Recovery\InspironRecovery\5_DellSupport\apps\bin\res\he\   <20231114-071922>
+ H:\1_Recovery\1_5570-Recovery\InspironRecovery\5_DellSupport\apps\bin\res\he\MainUI.resources.dll   <20171019-072502 82,464>
+ H:\1_Recovery\1_5570-Recovery\InspironRecovery\5_DellSupport\apps\bin\res\hu\   <20231114-071922>
+ H:\1_Recovery\1_5570-Recovery\InspironRecovery\5_DellSupport\apps\bin\res\hu\MainUI.resources.dll   <20171019-072502 79,392>
+ H:\1_Recovery\1_5570-Recovery\InspironRecovery\5_DellSupport\apps\bin\res\it\   <20231114-071922>
+ H:\1_Recovery\1_5570-Recovery\InspironRecovery\5_DellSupport\apps\bin\res\it\MainUI.resources.dll   <20171019-072502 76,832>
+ H:\1_Recovery\1_5570-Recovery\InspironRecovery\5_DellSupport\apps\bin\res\ja-JP\   <20231114-071922>
+ H:\1_Recovery\1_5570-Recovery\InspironRecovery\5_DellSupport\apps\bin\res\ja-JP\MainUI.resources.dll   <20171019-072502 90,144>
+ H:\1_Recovery\1_5570-Recovery\InspironRecovery\5_DellSupport\apps\bin\res\ko\   <20231114-071922>
+ H:\1_Recovery\1_5570-Recovery\InspironRecovery\5_DellSupport\apps\bin\res\ko\MainUI.resources.dll   <20171019-072502 81,952>
+ H:\1_Recovery\1_5570-Recovery\InspironRecovery\5_DellSupport\apps\bin\res\nb\   <20231114-071922>
+ H:\1_Recovery\1_5570-Recovery\InspironRecovery\5_DellSupport\apps\bin\res\nb\MainUI.resources.dll   <20171019-072502 73,248>
+ H:\1_Recovery\1_5570-Recovery\InspironRecovery\5_DellSupport\apps\bin\res\nl\   <20231114-071922>
+ H:\1_Recovery\1_5570-Recovery\InspironRecovery\5_DellSupport\apps\bin\res\nl\MainUI.resources.dll   <20171019-072502 75,808>
+ H:\1_Recovery\1_5570-Recovery\InspironRecovery\5_DellSupport\apps\bin\res\no\   <20231114-071922>
+ H:\1_Recovery\1_5570-Recovery\InspironRecovery\5_DellSupport\apps\bin\res\no\MainUI.resources.dll   <20171019-072502 73,248>
+ H:\1_Recovery\1_5570-Recovery\InspironRecovery\5_DellSupport\apps\bin\res\pl\   <20231114-071922>
+ H:\1_Recovery\1_5570-Recovery\InspironRecovery\5_DellSupport\apps\bin\res\pl\MainUI.resources.dll   <20171019-072502 75,296>
+ H:\1_Recovery\1_5570-Recovery\InspironRecovery\5_DellSupport\apps\bin\res\pt-br\   <20231114-071922>
+ H:\1_Recovery\1_5570-Recovery\InspironRecovery\5_DellSupport\apps\bin\res\pt-br\MainUI.resources.dll   <20171019-072502 77,344>
+ H:\1_Recovery\1_5570-Recovery\InspironRecovery\5_DellSupport\apps\bin\res\pt-pt\   <20231114-071922>
+ H:\1_Recovery\1_5570-Recovery\InspironRecovery\5_DellSupport\apps\bin\res\pt-pt\MainUI.resources.dll   <20171019-072502 77,856>
+ H:\1_Recovery\1_5570-Recovery\InspironRecovery\5_DellSupport\apps\bin\res\ro\   <20231114-071922>
+ H:\1_Recovery\1_5570-Recovery\InspironRecovery\5_DellSupport\apps\bin\res\ro\MainUI.resources.dll   <20171019-072502 78,880>
+ H:\1_Recovery\1_5570-Recovery\InspironRecovery\5_DellSupport\apps\bin\res\ru\   <20231114-071922>
+ H:\1_Recovery\1_5570-Recovery\InspironRecovery\5_DellSupport\apps\bin\res\ru\MainUI.resources.dll   <20171019-072502 103,456>
+ H:\1_Recovery\1_5570-Recovery\InspironRecovery\5_DellSupport\apps\bin\res\sk\   <20231114-071922>
+ H:\1_Recovery\1_5570-Recovery\InspironRecovery\5_DellSupport\apps\bin\res\sk\MainUI.resources.dll   <20171019-072502 76,320>
+ H:\1_Recovery\1_5570-Recovery\InspironRecovery\5_DellSupport\apps\bin\res\sl\   <20231114-071922>
+ H:\1_Recovery\1_5570-Recovery\InspironRecovery\5_DellSupport\apps\bin\res\sl\MainUI.resources.dll   <20171019-072502 72,736>
+ H:\1_Recovery\1_5570-Recovery\InspironRecovery\5_DellSupport\apps\bin\res\sv\   <20231114-071922>
+ H:\1_Recovery\1_5570-Recovery\InspironRecovery\5_DellSupport\apps\bin\res\sv\MainUI.resources.dll   <20171019-072502 73,760>
+ H:\1_Recovery\1_5570-Recovery\InspironRecovery\5_DellSupport\apps\bin\res\tr\   <20231114-071922>
+ H:\1_Recovery\1_5570-Recovery\InspironRecovery\5_DellSupport\apps\bin\res\tr\MainUI.resources.dll   <20171019-072502 77,344>
+ H:\1_Recovery\1_5570-Recovery\InspironRecovery\5_DellSupport\apps\bin\res\uk\   <20231114-071922>
+ H:\1_Recovery\1_5570-Recovery\InspironRecovery\5_DellSupport\apps\bin\res\uk\MainUI.resources.dll   <20171019-072502 104,992>
+ H:\1_Recovery\1_5570-Recovery\InspironRecovery\5_DellSupport\apps\bin\res\zh-CN\   <20231114-071922>
+ H:\1_Recovery\1_5570-Recovery\InspironRecovery\5_DellSupport\apps\bin\res\zh-CN\MainUI.resources.dll   <20171019-072502 68,640>
+ H:\1_Recovery\1_5570-Recovery\InspironRecovery\5_DellSupport\apps\bin\res\zh-HK\   <20231114-071922>
+ H:\1_Recovery\1_5570-Recovery\InspironRecovery\5_DellSupport\apps\bin\res\zh-HK\MainUI.resources.dll   <20171019-072502 69,664>
+ H:\1_Recovery\1_5570-Recovery\InspironRecovery\5_DellSupport\apps\bin\res\zh-MO\   <20231114-071922>
+ H:\1_Recovery\1_5570-Recovery\InspironRecovery\5_DellSupport\apps\bin\res\zh-MO\MainUI.resources.dll   <20171019-072502 69,664>
+ H:\1_Recovery\1_5570-Recovery\InspironRecovery\5_DellSupport\apps\bin\res\zh-SG\   <20231114-071922>
+ H:\1_Recovery\1_5570-Recovery\InspironRecovery\5_DellSupport\apps\bin\res\zh-SG\MainUI.resources.dll   <20171019-072502 68,640>
+ H:\1_Recovery\1_5570-Recovery\InspironRecovery\5_DellSupport\apps\bin\res\zh-TW\   <20231114-071922>
+ H:\1_Recovery\1_5570-Recovery\InspironRecovery\5_DellSupport\apps\bin\res\zh-TW\MainUI.resources.dll   <20171019-072502 69,664>
+ H:\1_Recovery\1_5570-Recovery\InspironRecovery\5_DellSupport\apps\bin\resx\   <20231114-071922>
+ H:\1_Recovery\1_5570-Recovery\InspironRecovery\5_DellSupport\apps\bin\resx\ar\   <20231114-071922>
+ H:\1_Recovery\1_5570-Recovery\InspironRecovery\5_DellSupport\apps\bin\resx\ar\RestoreApplet.resources.dll   <20171019-072502 12,832>
+ H:\1_Recovery\1_5570-Recovery\InspironRecovery\5_DellSupport\apps\bin\resx\cs\   <20231114-071922>
+ H:\1_Recovery\1_5570-Recovery\InspironRecovery\5_DellSupport\apps\bin\resx\cs\RestoreApplet.resources.dll   <20171019-072502 12,320>
+ H:\1_Recovery\1_5570-Recovery\InspironRecovery\5_DellSupport\apps\bin\resx\da\   <20231114-071922>
+ H:\1_Recovery\1_5570-Recovery\InspironRecovery\5_DellSupport\apps\bin\resx\da\RestoreApplet.resources.dll   <20171019-072502 12,320>
+ H:\1_Recovery\1_5570-Recovery\InspironRecovery\5_DellSupport\apps\bin\resx\de\   <20231114-071922>
+ H:\1_Recovery\1_5570-Recovery\InspironRecovery\5_DellSupport\apps\bin\resx\de\RestoreApplet.resources.dll   <20171019-072502 12,320>
+ H:\1_Recovery\1_5570-Recovery\InspironRecovery\5_DellSupport\apps\bin\resx\el\   <20231114-071922>
+ H:\1_Recovery\1_5570-Recovery\InspironRecovery\5_DellSupport\apps\bin\resx\el\RestoreApplet.resources.dll   <20171019-072502 12,832>
+ H:\1_Recovery\1_5570-Recovery\InspironRecovery\5_DellSupport\apps\bin\resx\en\   <20231114-071922>
+ H:\1_Recovery\1_5570-Recovery\InspironRecovery\5_DellSupport\apps\bin\resx\en\RestoreApplet.resources.dll   <20171019-072502 12,320>
+ H:\1_Recovery\1_5570-Recovery\InspironRecovery\5_DellSupport\apps\bin\resx\es\   <20231114-071922>
+ H:\1_Recovery\1_5570-Recovery\InspironRecovery\5_DellSupport\apps\bin\resx\es\RestoreApplet.resources.dll   <20171019-072502 12,320>
+ H:\1_Recovery\1_5570-Recovery\InspironRecovery\5_DellSupport\apps\bin\resx\fi\   <20231114-071922>
+ H:\1_Recovery\1_5570-Recovery\InspironRecovery\5_DellSupport\apps\bin\resx\fi\RestoreApplet.resources.dll   <20171019-072502 12,320>
+ H:\1_Recovery\1_5570-Recovery\InspironRecovery\5_DellSupport\apps\bin\resx\fr\   <20231114-071922>
+ H:\1_Recovery\1_5570-Recovery\InspironRecovery\5_DellSupport\apps\bin\resx\fr\RestoreApplet.resources.dll   <20171019-072502 12,320>
+ H:\1_Recovery\1_5570-Recovery\InspironRecovery\5_DellSupport\apps\bin\resx\he\   <20231114-071922>
+ H:\1_Recovery\1_5570-Recovery\InspironRecovery\5_DellSupport\apps\bin\resx\he\RestoreApplet.resources.dll   <20171019-072502 12,320>
+ H:\1_Recovery\1_5570-Recovery\InspironRecovery\5_DellSupport\apps\bin\resx\hu\   <20231114-071922>
+ H:\1_Recovery\1_5570-Recovery\InspironRecovery\5_DellSupport\apps\bin\resx\hu\RestoreApplet.resources.dll   <20171019-072502 12,320>
+ H:\1_Recovery\1_5570-Recovery\InspironRecovery\5_DellSupport\apps\bin\resx\it\   <20231114-071922>
+ H:\1_Recovery\1_5570-Recovery\InspironRecovery\5_DellSupport\apps\bin\resx\it\RestoreApplet.resources.dll   <20171019-072502 12,320>
+ H:\1_Recovery\1_5570-Recovery\InspironRecovery\5_DellSupport\apps\bin\resx\ja-JP\   <20231114-071922>
+ H:\1_Recovery\1_5570-Recovery\InspironRecovery\5_DellSupport\apps\bin\resx\ja-JP\RestoreApplet.resources.dll   <20171019-072502 12,832>
+ H:\1_Recovery\1_5570-Recovery\InspironRecovery\5_DellSupport\apps\bin\resx\ko\   <20231114-071922>
+ H:\1_Recovery\1_5570-Recovery\InspironRecovery\5_DellSupport\apps\bin\resx\ko\RestoreApplet.resources.dll   <20171019-072502 12,320>
+ H:\1_Recovery\1_5570-Recovery\InspironRecovery\5_DellSupport\apps\bin\resx\nb\   <20231114-071922>
+ H:\1_Recovery\1_5570-Recovery\InspironRecovery\5_DellSupport\apps\bin\resx\nb\RestoreApplet.resources.dll   <20171019-072502 12,320>
+ H:\1_Recovery\1_5570-Recovery\InspironRecovery\5_DellSupport\apps\bin\resx\nl\   <20231114-071922>
+ H:\1_Recovery\1_5570-Recovery\InspironRecovery\5_DellSupport\apps\bin\resx\nl\RestoreApplet.resources.dll   <20171019-072502 12,320>
+ H:\1_Recovery\1_5570-Recovery\InspironRecovery\5_DellSupport\apps\bin\resx\no\   <20231114-071922>
+ H:\1_Recovery\1_5570-Recovery\InspironRecovery\5_DellSupport\apps\bin\resx\no\RestoreApplet.resources.dll   <20171019-072502 12,320>
+ H:\1_Recovery\1_5570-Recovery\InspironRecovery\5_DellSupport\apps\bin\resx\pl\   <20231114-071922>
+ H:\1_Recovery\1_5570-Recovery\InspironRecovery\5_DellSupport\apps\bin\resx\pl\RestoreApplet.resources.dll   <20171019-072502 12,320>
+ H:\1_Recovery\1_5570-Recovery\InspironRecovery\5_DellSupport\apps\bin\resx\pt-br\   <20231114-071922>
+ H:\1_Recovery\1_5570-Recovery\InspironRecovery\5_DellSupport\apps\bin\resx\pt-br\RestoreApplet.resources.dll   <20171019-072502 12,320>
+ H:\1_Recovery\1_5570-Recovery\InspironRecovery\5_DellSupport\apps\bin\resx\pt-pt\   <20231114-071922>
+ H:\1_Recovery\1_5570-Recovery\InspironRecovery\5_DellSupport\apps\bin\resx\pt-pt\RestoreApplet.resources.dll   <20171019-072502 12,320>
+ H:\1_Recovery\1_5570-Recovery\InspironRecovery\5_DellSupport\apps\bin\resx\ro\   <20231114-071922>
+ H:\1_Recovery\1_5570-Recovery\InspironRecovery\5_DellSupport\apps\bin\resx\ro\RestoreApplet.resources.dll   <20171019-072502 12,320>
+ H:\1_Recovery\1_5570-Recovery\InspironRecovery\5_DellSupport\apps\bin\resx\ru\   <20231114-071922>
+ H:\1_Recovery\1_5570-Recovery\InspironRecovery\5_DellSupport\apps\bin\resx\ru\RestoreApplet.resources.dll   <20171019-072502 12,832>
+ H:\1_Recovery\1_5570-Recovery\InspironRecovery\5_DellSupport\apps\bin\resx\sk\   <20231114-071922>
+ H:\1_Recovery\1_5570-Recovery\InspironRecovery\5_DellSupport\apps\bin\resx\sk\RestoreApplet.resources.dll   <20171019-072502 12,320>
+ H:\1_Recovery\1_5570-Recovery\InspironRecovery\5_DellSupport\apps\bin\resx\sl\   <20231114-071922>
+ H:\1_Recovery\1_5570-Recovery\InspironRecovery\5_DellSupport\apps\bin\resx\sl\RestoreApplet.resources.dll   <20171019-072502 12,320>
+ H:\1_Recovery\1_5570-Recovery\InspironRecovery\5_DellSupport\apps\bin\resx\sv\   <20231114-071922>
+ H:\1_Recovery\1_5570-Recovery\InspironRecovery\5_DellSupport\apps\bin\resx\sv\RestoreApplet.resources.dll   <20171019-072502 12,320>
+ H:\1_Recovery\1_5570-Recovery\InspironRecovery\5_DellSupport\apps\bin\resx\tr\   <20231114-071922>
+ H:\1_Recovery\1_5570-Recovery\InspironRecovery\5_DellSupport\apps\bin\resx\tr\RestoreApplet.resources.dll   <20171019-072502 12,320>
+ H:\1_Recovery\1_5570-Recovery\InspironRecovery\5_DellSupport\apps\bin\resx\uk\   <20231114-071922>
+ H:\1_Recovery\1_5570-Recovery\InspironRecovery\5_DellSupport\apps\bin\resx\uk\RestoreApplet.resources.dll   <20171019-072502 12,832>
+ H:\1_Recovery\1_5570-Recovery\InspironRecovery\5_DellSupport\apps\bin\resx\zh-CN\   <20231114-071922>
+ H:\1_Recovery\1_5570-Recovery\InspironRecovery\5_DellSupport\apps\bin\resx\zh-CN\RestoreApplet.resources.dll   <20171019-072502 12,320>
+ H:\1_Recovery\1_5570-Recovery\InspironRecovery\5_DellSupport\apps\bin\resx\zh-HK\   <20231114-071922>
+ H:\1_Recovery\1_5570-Recovery\InspironRecovery\5_DellSupport\apps\bin\resx\zh-HK\RestoreApplet.resources.dll   <20171019-072502 12,320>
+ H:\1_Recovery\1_5570-Recovery\InspironRecovery\5_DellSupport\apps\bin\resx\zh-MO\   <20231114-071922>
+ H:\1_Recovery\1_5570-Recovery\InspironRecovery\5_DellSupport\apps\bin\resx\zh-MO\RestoreApplet.resources.dll   <20171019-072502 12,320>
+ H:\1_Recovery\1_5570-Recovery\InspironRecovery\5_DellSupport\apps\bin\resx\zh-SG\   <20231114-071922>
+ H:\1_Recovery\1_5570-Recovery\InspironRecovery\5_DellSupport\apps\bin\resx\zh-SG\RestoreApplet.resources.dll   <20171019-072502 12,320>
+ H:\1_Recovery\1_5570-Recovery\InspironRecovery\5_DellSupport\apps\bin\resx\zh-TW\   <20231114-071922>
+ H:\1_Recovery\1_5570-Recovery\InspironRecovery\5_DellSupport\apps\bin\resx\zh-TW\RestoreApplet.resources.dll   <20171019-072502 12,320>
+ H:\1_Recovery\1_5570-Recovery\InspironRecovery\5_DellSupport\apps\docs\   <20231114-071922>
+ H:\1_Recovery\1_5570-Recovery\InspironRecovery\5_DellSupport\apps\docs\readme.html   <20171019-070708 274,831>
+ H:\1_Recovery\1_5570-Recovery\InspironRecovery\5_DellSupport\apps\docs\soshelp.zip   <20171019-072904 8,762,275>
+ H:\1_Recovery\1_5570-Recovery\InspironRecovery\5_DellSupport\apps\fonts\   <20231114-071922>
+ H:\1_Recovery\1_5570-Recovery\InspironRecovery\5_DellSupport\apps\fonts\LICENSE_OFL.txt   <20171019-070702 4,393>
+ H:\1_Recovery\1_5570-Recovery\InspironRecovery\5_DellSupport\apps\fonts\NotoSansCJKjp-Regular.otf   <20171019-070702 16,427,228>
+ H:\1_Recovery\1_5570-Recovery\InspironRecovery\5_DellSupport\apps\fonts\NotoSansCJKkr-Regular.otf   <20171019-070702 16,457,008>
+ H:\1_Recovery\1_5570-Recovery\InspironRecovery\5_DellSupport\apps\fonts\NotoSansCJKsc-Regular.otf   <20171019-070702 16,412,332>
+ H:\1_Recovery\1_5570-Recovery\InspironRecovery\5_DellSupport\apps\fonts\regfonts.reg   <20171019-070702 9,500>
+ H:\1_Recovery\1_5570-Recovery\InspironRecovery\5_DellSupport\apps\fonts\Roboto-Regular.ttf   <20171019-070702 126,072>
+ H:\1_Recovery\1_5570-Recovery\InspironRecovery\5_DellSupport\data\   <20231114-071922>
+ H:\1_Recovery\1_5570-Recovery\InspironRecovery\5_DellSupport\data\MainOSProfile.data   <20190103-201750 391>
+ H:\1_Recovery\1_5570-Recovery\InspironRecovery\5_DellSupport\Logs\   <20231114-071922>
+ H:\1_Recovery\1_5570-Recovery\InspironRecovery\5_DellSupport\Logs\disksignature.dat   <20190104-002854 32>
+ H:\1_Recovery\1_5570-Recovery\InspironRecovery\5_DellSupport\Logs\FI_Builder.log   <20180618-003424 27,068>
+ H:\1_Recovery\1_5570-Recovery\InspironRecovery\5_DellSupport\sources\   <20231114-071922>
+ H:\1_Recovery\1_5570-Recovery\InspironRecovery\5_DellSupport\sources\boot.sdi   <20170929-084206 3,170,304>
+ H:\1_Recovery\1_5570-Recovery\InspironRecovery\5_DellSupport\sources\sos.wim   <20180618-003324 515,189,694>
+ H:\1_Recovery\1_5570-Recovery\InspironRecovery\5_DellSupport\telemetry\   <20231114-071926>
+ H:\1_Recovery\1_5570-Recovery\InspironRecovery\5_DellSupport\telemetry\events.xml   <20190104-003758 73>
+ H:\1_Recovery\1_5570-Recovery\InspironRecovery\Windows\   <20231114-075446>
+ H:\1_Recovery\1_5570-Recovery\InspironRecovery\Windows\Dell_Drivers_Perfect.zip   <20190107-190338 1,237,505,449>
+ H:\1_Recovery\1_5570-Recovery\InspironRecovery\Windows\dell_install.wim   <20190107-001606 10,528,679,142>
+ H:\1_Recovery\1_5570-Recovery\InspironRecovery\Windows\INSPIRON_DRIVERS_ALL.zip   <20190105-232414 1,586,665,366>
+ H:\1_Recovery\1_5570-Recovery\InspironRecovery\Windows\FromOS.wim   <20231116-210450 2,976,285,087>
+ H:\1_Recovery\2_Mom-Recovery\   <20231116-205607>
+ H:\1_Recovery\2_Mom-Recovery\efi.wim   <20231029-040646 81,439,719>
+ H:\1_Recovery\2_Mom-Recovery\recovery.wim   <20231114-073412 14,896,334,355>
+ H:\1_Recovery\2_Mom-Recovery\Repartition.sp   <20181016-144452 1,700>
+ H:\1_Recovery\2_Mom-Recovery\Repartition.TXT   <20181016-144452 1,700>
+ H:\1_Recovery\2_Mom-Recovery\Windows_RE_Tools.wim   <20231029-041034 418,960,689>
+ H:\1_Recovery\2_Mom-Recovery\Windows_Updated_M.wim   <20231112-205904 56,408,254,459>

TotalRead  = 102,418 MiB
TotalWrite = 102,418 MiB
TotalFiles = 447 (177)
TotalTime  = 28:29
TransRate  = 62.8 MB/s
FileRate   = 0.26 files/s

Result : (ErrFiles : 0 / ErrDirs : 0) at 2023/11/19 05:12:14

